<?xml version="1.0" encoding="UTF-8"?>
<robot generator="Robot 7.2.2 (Python 3.11.11 on linux)" generated="2025-05-04T13:48:38.871136" rpa="false" schemaversion="5">
<suite id="s1" name="Login" source="/home/ala/Documents/automation webui/internetbox 5 automation/tests/login.robot">
<test id="s1-t1" name="Open Firefox With SOCKS Proxy" line="5">
<kw name="Open Firefox With Socks Proxy" owner="FirefoxWithProxy">
<msg time="2025-05-04T13:48:47.538934" level="INFO">${driver} = &lt;selenium.webdriver.firefox.webdriver.WebDriver (session="6c0dad24-84c5-45fd-9b4d-1c906ee78358")&gt;</msg>
<var>${driver}</var>
<arg>http://192.168.1.1/</arg>
<status status="PASS" start="2025-05-04T13:48:38.989660" elapsed="8.549432"/>
</kw>
<kw name="Sleep" owner="BuiltIn">
<msg time="2025-05-04T13:48:52.540523" level="INFO">Slept 5 seconds.</msg>
<arg>5s</arg>
<doc>Pauses the test executed for the given time.</doc>
<status status="PASS" start="2025-05-04T13:48:47.539698" elapsed="5.001113"/>
</kw>
<kw name="${driver}.quit()">
<msg time="2025-05-04T13:48:52.544273" level="FAIL">No keyword with name '${driver}.quit()' found.</msg>
<status status="FAIL" start="2025-05-04T13:48:52.544137" elapsed="0.000287">No keyword with name '${driver}.quit()' found.</status>
</kw>
<status status="FAIL" start="2025-05-04T13:48:38.988541" elapsed="13.556691">No keyword with name '${driver}.quit()' found.</status>
</test>
<status status="FAIL" start="2025-05-04T13:48:38.872415" elapsed="13.674479"/>
</suite>
<statistics>
<total>
<stat pass="0" fail="1" skip="0">All Tests</stat>
</total>
<tag>
</tag>
<suite>
<stat name="Login" id="s1" pass="0" fail="1" skip="0">Login</stat>
</suite>
</statistics>
<errors>
</errors>
</robot>
