<?xml version="1.0" encoding="UTF-8"?>
<robot generator="Robot 7.2.2 (Python 3.11.11 on linux)" generated="2025-06-05T11:41:53.049481" rpa="false" schemaversion="5">
<suite id="s1" name="Tests" source="/home/ala/Documents/automation webui/internetbox 5 automation/tests">
<suite id="s1-s1" name="Login Tests" source="/home/ala/Documents/automation webui/internetbox 5 automation/tests/login_tests.robot">
<test id="s1-s1-t1" name="Verify Authentication with Correct Password" line="20">
<kw name="Open Navigator" owner="CommonKeywords" type="SETUP">
<kw name="Open Firefox With Socks Proxy" owner="FirefoxWithProxy">
<msg time="2025-06-05T11:41:56.812505" level="INFO">${driver} = &lt;selenium.webdriver.firefox.webdriver.WebDriver (session="fd96e97a-52fa-4e23-b21c-98b1c51034a8")&gt;</msg>
<var>${driver}</var>
<arg>${HGW_URL}</arg>
<status status="PASS" start="2025-06-05T11:41:53.246517" elapsed="3.566071"/>
</kw>
<kw name="Title Should Be" owner="SeleniumLibrary">
<msg time="2025-06-05T11:41:56.823159" level="INFO">Page title is 'Internet-Box'.</msg>
<arg>${webui_title}</arg>
<doc>Verifies that the current page title equals ``title``.</doc>
<status status="PASS" start="2025-06-05T11:41:56.812862" elapsed="0.010513"/>
</kw>
<status status="PASS" start="2025-06-05T11:41:53.245036" elapsed="3.578597"/>
</kw>
<kw name="Auth Wait Login Page Loaded" owner="authPage">
<kw name="Wait Until Keyword Succeeds" owner="BuiltIn">
<kw name="Wait Until Element Is Visible" owner="SeleniumLibrary">
<msg time="2025-06-05T11:41:57.961025" level="INFO" html="true">&lt;/td&gt;&lt;/tr&gt;&lt;tr&gt;&lt;td colspan="3"&gt;&lt;a href="selenium-screenshot-238.png"&gt;&lt;img src="selenium-screenshot-238.png" width="800px"&gt;&lt;/a&gt;</msg>
<msg time="2025-06-05T11:41:57.961364" level="FAIL">Element 'name:login-password' not visible after 1 second.</msg>
<arg>${passwordTextBox}</arg>
<arg>timeout=1s</arg>
<doc>Waits until the element ``locator`` is visible.</doc>
<status status="FAIL" start="2025-06-05T11:41:56.825722" elapsed="1.136818">Element 'name:login-password' not visible after 1 second.</status>
</kw>
<kw name="Wait Until Element Is Visible" owner="SeleniumLibrary">
<arg>${passwordTextBox}</arg>
<arg>timeout=1s</arg>
<doc>Waits until the element ``locator`` is visible.</doc>
<status status="PASS" start="2025-06-05T11:41:59.963396" elapsed="0.027226"/>
</kw>
<arg>30s</arg>
<arg>2s</arg>
<arg>Wait Until Element Is Visible</arg>
<arg>${passwordTextBox}</arg>
<arg>timeout=1s</arg>
<doc>Runs the specified keyword and retries if it fails.</doc>
<status status="PASS" start="2025-06-05T11:41:56.825063" elapsed="3.165713"/>
</kw>
<status status="PASS" start="2025-06-05T11:41:56.824313" elapsed="3.166586"/>
</kw>
<kw name="Auth Enter Password" owner="authPage">
<kw name="Wait Until Element Is Visible" owner="SeleniumLibrary">
<arg>${passwordTextBox}</arg>
<arg>timeout=30s</arg>
<doc>Waits until the element ``locator`` is visible.</doc>
<status status="PASS" start="2025-06-05T11:41:59.991985" elapsed="0.015238"/>
</kw>
<kw name="Input Password" owner="SeleniumLibrary">
<msg time="2025-06-05T11:42:00.007841" level="INFO">Typing password into text field 'name:login-password'.</msg>
<msg time="2025-06-05T11:42:00.020385" level="INFO">Temporally setting log level to: NONE</msg>
<arg>${passwordTextBox}</arg>
<arg>${password}</arg>
<doc>Types the given password into the text field identified by ``locator``.</doc>
<status status="PASS" start="2025-06-05T11:42:00.007498" elapsed="0.073883"/>
</kw>
<arg>${webui_strong_password}</arg>
<status status="PASS" start="2025-06-05T11:41:59.991338" elapsed="0.090331"/>
</kw>
<kw name="Auth Click Login Button" owner="authPage">
<kw name="Wait Until Element Is Visible" owner="SeleniumLibrary">
<arg>${loginButton}</arg>
<arg>timeout=30s</arg>
<doc>Waits until the element ``locator`` is visible.</doc>
<status status="PASS" start="2025-06-05T11:42:00.083905" elapsed="0.017404"/>
</kw>
<kw name="Click Element" owner="SeleniumLibrary">
<msg time="2025-06-05T11:42:00.102035" level="INFO">Clicking element 'xpath://*[@name="login-button"]'.</msg>
<arg>${loginButton}</arg>
<doc>Click the element identified by ``locator``.</doc>
<status status="PASS" start="2025-06-05T11:42:00.101695" elapsed="0.238977"/>
</kw>
<status status="PASS" start="2025-06-05T11:42:00.083178" elapsed="0.257850"/>
</kw>
<kw name="Auth Check Successful Login" owner="authPage">
<kw name="Run Keyword If" owner="BuiltIn">
<kw name="Wait Until Keyword Succeeds" owner="BuiltIn">
<kw name="Page Should Contain Element" owner="SeleniumLibrary">
<msg time="2025-06-05T11:42:00.510388" level="INFO" html="true">&lt;/td&gt;&lt;/tr&gt;&lt;tr&gt;&lt;td colspan="3"&gt;&lt;a href="selenium-screenshot-239.png"&gt;&lt;img src="selenium-screenshot-239.png" width="800px"&gt;&lt;/a&gt;</msg>
<msg time="2025-06-05T11:42:00.510719" level="FAIL">Page should have contained element 'xpath://*[@data-type='gateway']' but did not.</msg>
<arg>${overviewPageHGWElement}</arg>
<doc>Verifies that element ``locator`` is found on the current page.</doc>
<status status="FAIL" start="2025-06-05T11:42:00.344385" elapsed="0.167806">Page should have contained element 'xpath://*[@data-type='gateway']' but did not.</status>
</kw>
<kw name="Page Should Contain Element" owner="SeleniumLibrary">
<msg time="2025-06-05T11:42:02.520060" level="INFO">Current page contains element 'xpath://*[@data-type='gateway']'.</msg>
<arg>${overviewPageHGWElement}</arg>
<doc>Verifies that element ``locator`` is found on the current page.</doc>
<status status="PASS" start="2025-06-05T11:42:02.512784" elapsed="0.007436"/>
</kw>
<arg>30s</arg>
<arg>2s</arg>
<arg>Page Should Contain Element</arg>
<arg>${overviewPageHGWElement}</arg>
<doc>Runs the specified keyword and retries if it fails.</doc>
<status status="PASS" start="2025-06-05T11:42:00.343685" elapsed="2.176676"/>
</kw>
<arg>'${webui_weak_password}'=='True'</arg>
<arg>Run Keywords</arg>
<arg>Wait Until Element Is Visible</arg>
<arg>${weakPasswordModal}</arg>
<arg>timeout=30s</arg>
<arg>AND</arg>
<arg>Element Text Should Be</arg>
<arg>${weakPasswordModal}</arg>
<arg>${loginPage.password.modal.title.${language}}</arg>
<arg>ELSE</arg>
<arg>Wait Until Keyword Succeeds</arg>
<arg>30s</arg>
<arg>2s</arg>
<arg>Page Should Contain Element</arg>
<arg>${overviewPageHGWElement}</arg>
<doc>Runs the given keyword with the given arguments, if ``condition`` is true.</doc>
<status status="PASS" start="2025-06-05T11:42:00.342636" elapsed="2.177839"/>
</kw>
<arg>${language}</arg>
<doc>Check if the weak password model contains the correct message, Arguments : language (fr,en)</doc>
<status status="PASS" start="2025-06-05T11:42:00.341560" elapsed="2.179086"/>
</kw>
<kw name="Close Browser" owner="SeleniumLibrary" type="TEARDOWN">
<doc>Closes the current browser.</doc>
<status status="PASS" start="2025-06-05T11:42:02.521103" elapsed="1.141854"/>
</kw>
<doc>Checks if authentication works with valid password</doc>
<tag>Sanity</tag>
<tag>TC-1</tag>
<status status="PASS" start="2025-06-05T11:41:53.243202" elapsed="10.419975"/>
</test>
<test id="s1-s1-t2" name="Verify Authentication with Wrong Password" line="28">
<kw name="Open Navigator" owner="CommonKeywords" type="SETUP">
<kw name="Open Firefox With Socks Proxy" owner="FirefoxWithProxy">
<msg time="2025-06-05T11:42:06.997208" level="INFO">${driver} = &lt;selenium.webdriver.firefox.webdriver.WebDriver (session="8150abe5-f5b3-4157-ae41-3f221f4255df")&gt;</msg>
<var>${driver}</var>
<arg>${HGW_URL}</arg>
<status status="PASS" start="2025-06-05T11:42:03.666192" elapsed="3.331166"/>
</kw>
<kw name="Title Should Be" owner="SeleniumLibrary">
<msg time="2025-06-05T11:42:07.000626" level="INFO">Page title is 'Internet-Box'.</msg>
<arg>${webui_title}</arg>
<doc>Verifies that the current page title equals ``title``.</doc>
<status status="PASS" start="2025-06-05T11:42:06.997801" elapsed="0.003036"/>
</kw>
<status status="PASS" start="2025-06-05T11:42:03.665493" elapsed="3.335573"/>
</kw>
<kw name="Auth Wait Login Page Loaded" owner="authPage">
<kw name="Wait Until Keyword Succeeds" owner="BuiltIn">
<kw name="Wait Until Element Is Visible" owner="SeleniumLibrary">
<msg time="2025-06-05T11:42:08.144202" level="INFO" html="true">&lt;/td&gt;&lt;/tr&gt;&lt;tr&gt;&lt;td colspan="3"&gt;&lt;a href="selenium-screenshot-240.png"&gt;&lt;img src="selenium-screenshot-240.png" width="800px"&gt;&lt;/a&gt;</msg>
<msg time="2025-06-05T11:42:08.144497" level="FAIL">Element 'name:login-password' not visible after 1 second.</msg>
<arg>${passwordTextBox}</arg>
<arg>timeout=1s</arg>
<doc>Waits until the element ``locator`` is visible.</doc>
<status status="FAIL" start="2025-06-05T11:42:07.003019" elapsed="1.142006">Element 'name:login-password' not visible after 1 second.</status>
</kw>
<kw name="Wait Until Element Is Visible" owner="SeleniumLibrary">
<arg>${passwordTextBox}</arg>
<arg>timeout=1s</arg>
<doc>Waits until the element ``locator`` is visible.</doc>
<status status="PASS" start="2025-06-05T11:42:10.145736" elapsed="0.030524"/>
</kw>
<arg>30s</arg>
<arg>2s</arg>
<arg>Wait Until Element Is Visible</arg>
<arg>${passwordTextBox}</arg>
<arg>timeout=1s</arg>
<doc>Runs the specified keyword and retries if it fails.</doc>
<status status="PASS" start="2025-06-05T11:42:07.002352" elapsed="3.174062"/>
</kw>
<status status="PASS" start="2025-06-05T11:42:07.001604" elapsed="3.174950"/>
</kw>
<kw name="Auth Enter Password" owner="authPage">
<kw name="Wait Until Element Is Visible" owner="SeleniumLibrary">
<arg>${passwordTextBox}</arg>
<arg>timeout=30s</arg>
<doc>Waits until the element ``locator`` is visible.</doc>
<status status="PASS" start="2025-06-05T11:42:10.177848" elapsed="0.020647"/>
</kw>
<kw name="Input Password" owner="SeleniumLibrary">
<msg time="2025-06-05T11:42:10.199212" level="INFO">Typing password into text field 'name:login-password'.</msg>
<msg time="2025-06-05T11:42:10.209360" level="INFO">Temporally setting log level to: NONE</msg>
<arg>${passwordTextBox}</arg>
<arg>${password}</arg>
<doc>Types the given password into the text field identified by ``locator``.</doc>
<status status="PASS" start="2025-06-05T11:42:10.198828" elapsed="0.076378"/>
</kw>
<arg>${webui_wrong_password}</arg>
<status status="PASS" start="2025-06-05T11:42:10.177012" elapsed="0.098382"/>
</kw>
<kw name="Auth Click Login Button" owner="authPage">
<kw name="Wait Until Element Is Visible" owner="SeleniumLibrary">
<arg>${loginButton}</arg>
<arg>timeout=30s</arg>
<doc>Waits until the element ``locator`` is visible.</doc>
<status status="PASS" start="2025-06-05T11:42:10.278218" elapsed="0.018575"/>
</kw>
<kw name="Click Element" owner="SeleniumLibrary">
<msg time="2025-06-05T11:42:10.297579" level="INFO">Clicking element 'xpath://*[@name="login-button"]'.</msg>
<arg>${loginButton}</arg>
<doc>Click the element identified by ``locator``.</doc>
<status status="PASS" start="2025-06-05T11:42:10.297147" elapsed="0.236605"/>
</kw>
<status status="PASS" start="2025-06-05T11:42:10.275765" elapsed="0.258410"/>
</kw>
<kw name="Auth Check Login Failure" owner="authPage">
<kw name="Wait Until Element Is Visible" owner="SeleniumLibrary">
<arg>${loginFailureMsg}</arg>
<arg>timeout=10s</arg>
<doc>Waits until the element ``locator`` is visible.</doc>
<status status="PASS" start="2025-06-05T11:42:10.536534" elapsed="0.020061"/>
</kw>
<kw name="Element Text Should Be" owner="SeleniumLibrary">
<msg time="2025-06-05T11:42:10.557324" level="INFO">Verifying element 'xpath://*[contains(@class, 'info-messages')]/div[2]/span' contains exact text 'Le Login est erroné. Veuillez vérifier les données saisies.'.</msg>
<msg time="2025-06-05T11:42:10.620761" level="INFO" html="true">&lt;/td&gt;&lt;/tr&gt;&lt;tr&gt;&lt;td colspan="3"&gt;&lt;a href="selenium-screenshot-241.png"&gt;&lt;img src="selenium-screenshot-241.png" width="800px"&gt;&lt;/a&gt;</msg>
<msg time="2025-06-05T11:42:10.620965" level="FAIL">The text of element 'xpath://*[contains(@class, 'info-messages')]/div[2]/span' should have been 'Le Login est erroné. Veuillez vérifier les données saisies.' but it was 'Login failed. Please check your entries.'.</msg>
<arg>${loginFailureMsg}</arg>
<arg>${loginPage.login.password.failure.message.${language}}</arg>
<doc>Verifies that element ``locator`` contains exact the text ``expected``.</doc>
<status status="FAIL" start="2025-06-05T11:42:10.556872" elapsed="0.064518">The text of element 'xpath://*[contains(@class, 'info-messages')]/div[2]/span' should have been 'Le Login est erroné. Veuillez vérifier les données saisies.' but it was 'Login failed. Please check your entries.'.</status>
</kw>
<arg>${language}</arg>
<doc>Check the displayed error message in case of a wrong password, Arguments : language (fr,en)</doc>
<status status="FAIL" start="2025-06-05T11:42:10.535022" elapsed="0.086580">The text of element 'xpath://*[contains(@class, 'info-messages')]/div[2]/span' should have been 'Le Login est erroné. Veuillez vérifier les données saisies.' but it was 'Login failed. Please check your entries.'.</status>
</kw>
<kw name="Close Browser" owner="SeleniumLibrary" type="TEARDOWN">
<doc>Closes the current browser.</doc>
<status status="PASS" start="2025-06-05T11:42:10.622121" elapsed="1.164306"/>
</kw>
<doc>Checks if authentication does not work with a wrong password</doc>
<tag>Sanity</tag>
<tag>TC-2</tag>
<status status="FAIL" start="2025-06-05T11:42:03.663836" elapsed="8.123571">The text of element 'xpath://*[contains(@class, 'info-messages')]/div[2]/span' should have been 'Le Login est erroné. Veuillez vérifier les données saisies.' but it was 'Login failed. Please check your entries.'.</status>
</test>
<status status="FAIL" start="2025-06-05T11:41:53.080894" elapsed="18.714628"/>
</suite>
<status status="FAIL" start="2025-06-05T11:41:53.051310" elapsed="18.747491"/>
</suite>
<statistics>
<total>
<stat pass="1" fail="1" skip="0">All Tests</stat>
</total>
<tag>
<stat pass="1" fail="1" skip="0">Sanity</stat>
<stat pass="1" fail="0" skip="0">TC-1</stat>
<stat pass="0" fail="1" skip="0">TC-2</stat>
</tag>
<suite>
<stat name="Tests" id="s1" pass="1" fail="1" skip="0">Tests</stat>
<stat name="Login Tests" id="s1-s1" pass="1" fail="1" skip="0">Tests.Login Tests</stat>
</suite>
</statistics>
<errors>
</errors>
</robot>
