<?xml version="1.0" encoding="UTF-8"?>
<robot generator="Robot 7.2.2 (Python 3.11.11 on linux)" generated="2025-05-20T16:38:03.148972" rpa="false" schemaversion="5">
<suite id="s1" name="Login Tests" source="/home/ala/Documents/automation webui/internetbox 5 automation/tests/login_tests.robot">
<test id="s1-t1" name="Verify Language selection" line="13">
<kw name="Open Navigator" owner="CommonKeywords" type="SETUP">
<kw name="Open Firefox With Socks Proxy" owner="FirefoxWithProxy">
<msg time="2025-05-20T16:38:08.796373" level="INFO">${driver} = &lt;selenium.webdriver.firefox.webdriver.WebDriver (session="c0618b16-3c75-474f-a970-2f0aaf230e41")&gt;</msg>
<var>${driver}</var>
<arg>${HGW_URL}</arg>
<status status="PASS" start="2025-05-20T16:38:03.348702" elapsed="5.447840"/>
</kw>
<kw name="Title Should Be" owner="SeleniumLibrary">
<msg time="2025-05-20T16:38:08.809265" level="INFO">Page title is 'Internet-Box'.</msg>
<arg>${webui_title}</arg>
<doc>Verifies that the current page title equals ``title``.</doc>
<status status="PASS" start="2025-05-20T16:38:08.797095" elapsed="0.012461"/>
</kw>
<status status="PASS" start="2025-05-20T16:38:03.347731" elapsed="5.462159"/>
</kw>
<kw name="Auth Wait Login Page Loaded" owner="authKeywords">
<kw name="Wait Until Keyword Succeeds" owner="BuiltIn">
<kw name="Wait Until Element Is Visible" owner="SeleniumLibrary">
<msg time="2025-05-20T16:38:10.017025" level="INFO" html="true">&lt;/td&gt;&lt;/tr&gt;&lt;tr&gt;&lt;td colspan="3"&gt;&lt;a href="selenium-screenshot-77.png"&gt;&lt;img src="selenium-screenshot-77.png" width="800px"&gt;&lt;/a&gt;</msg>
<msg time="2025-05-20T16:38:10.017311" level="FAIL">Element 'name:login-password' not visible after 1 second.</msg>
<arg>${passwordTextBox}</arg>
<arg>timeout=1s</arg>
<doc>Waits until the element ``locator`` is visible.</doc>
<status status="FAIL" start="2025-05-20T16:38:08.811949" elapsed="1.207007">Element 'name:login-password' not visible after 1 second.</status>
</kw>
<kw name="Wait Until Element Is Visible" owner="SeleniumLibrary">
<arg>${passwordTextBox}</arg>
<arg>timeout=1s</arg>
<doc>Waits until the element ``locator`` is visible.</doc>
<status status="PASS" start="2025-05-20T16:38:12.019634" elapsed="0.031059"/>
</kw>
<arg>30s</arg>
<arg>2s</arg>
<arg>Wait Until Element Is Visible</arg>
<arg>${passwordTextBox}</arg>
<arg>timeout=1s</arg>
<doc>Runs the specified keyword and retries if it fails.</doc>
<status status="PASS" start="2025-05-20T16:38:08.811306" elapsed="3.239640"/>
</kw>
<status status="PASS" start="2025-05-20T16:38:08.810533" elapsed="3.240647"/>
</kw>
<kw name="Select Language" owner="CommonKeywords">
<kw name="Run Keyword And Continue On Failure" owner="BuiltIn">
<kw name="Wait Until Element Is Visible" owner="SeleniumLibrary">
<arg>${languagesMenu}</arg>
<arg>timeout=30s</arg>
<doc>Waits until the element ``locator`` is visible.</doc>
<status status="PASS" start="2025-05-20T16:38:12.053051" elapsed="0.022959"/>
</kw>
<arg>Wait Until Element Is Visible</arg>
<arg>${languagesMenu}</arg>
<arg>timeout=30s</arg>
<doc>Runs the keyword and continues execution even if a failure occurs.</doc>
<status status="PASS" start="2025-05-20T16:38:12.052565" elapsed="0.023611"/>
</kw>
<kw name="Run Keyword And Continue On Failure" owner="BuiltIn">
<kw name="Click Element" owner="SeleniumLibrary">
<msg time="2025-05-20T16:38:12.077411" level="INFO">Clicking element 'xpath://*[contains(@class, 'selected-option')]'.</msg>
<arg>${languagesMenu}</arg>
<doc>Click the element identified by ``locator``.</doc>
<status status="PASS" start="2025-05-20T16:38:12.076952" elapsed="0.260567"/>
</kw>
<arg>Click Element</arg>
<arg>${languagesMenu}</arg>
<doc>Runs the keyword and continues execution even if a failure occurs.</doc>
<status status="PASS" start="2025-05-20T16:38:12.076480" elapsed="0.261233"/>
</kw>
<kw name="Run Keyword And Continue On Failure" owner="BuiltIn">
<kw name="Wait Until Element Is Visible" owner="SeleniumLibrary">
<arg>${languageItem}</arg>
<arg>timeout=30s</arg>
<doc>Waits until the element ``locator`` is visible.</doc>
<status status="PASS" start="2025-05-20T16:38:12.338494" elapsed="0.022930"/>
</kw>
<arg>Wait Until Element Is Visible</arg>
<arg>${languageItem}</arg>
<arg>timeout=30s</arg>
<doc>Runs the keyword and continues execution even if a failure occurs.</doc>
<status status="PASS" start="2025-05-20T16:38:12.338029" elapsed="0.023580"/>
</kw>
<kw name="Run Keyword And Continue On Failure" owner="BuiltIn">
<kw name="Click Element" owner="SeleniumLibrary">
<msg time="2025-05-20T16:38:12.362439" level="INFO">Clicking element 'xpath://*[contains(@class, 'options')]/li/span[contains(text(),FR)]'.</msg>
<arg>${languageItem}</arg>
<doc>Click the element identified by ``locator``.</doc>
<status status="PASS" start="2025-05-20T16:38:12.362152" elapsed="0.230426"/>
</kw>
<arg>Click Element</arg>
<arg>${languageItem}</arg>
<doc>Runs the keyword and continues execution even if a failure occurs.</doc>
<status status="PASS" start="2025-05-20T16:38:12.361862" elapsed="0.230981"/>
</kw>
<kw name="Get Source" owner="SeleniumLibrary">
<msg time="2025-05-20T16:38:12.665118" level="INFO">${html} = &lt;html&gt;&lt;head&gt;
        &lt;title&gt;Internet-Box 5&lt;/title&gt;

        &lt;meta name="viewport" content="width=device-width, initial-scale=1.0, user-scalable=no, maximum-scale=1"&gt;
        &lt;meta http-equiv="X-UA-Com...</msg>
<var>${html}</var>
<doc>Returns the entire HTML source of the current page or frame.</doc>
<status status="PASS" start="2025-05-20T16:38:12.593241" elapsed="0.072061"/>
</kw>
<kw name="Log" owner="BuiltIn">
<msg time="2025-05-20T16:38:12.667771" level="INFO">&lt;html&gt;&lt;head&gt;
        &lt;title&gt;Internet-Box 5&lt;/title&gt;

        &lt;meta name="viewport" content="width=device-width, initial-scale=1.0, user-scalable=no, maximum-scale=1"&gt;
        &lt;meta http-equiv="X-UA-Compatible" content="IE=EDGE; IE=9; IE=8;"&gt;
        &lt;meta http-equiv="Content-Type" content="text/html; charset=utf-8"&gt;
        &lt;meta http-equiv="Cache-Control" content="max-age=0"&gt;
        &lt;meta http-equiv="Cache-Control" content="no-cache"&gt;
        &lt;meta http-equiv="Expires" content="0"&gt;
        &lt;meta http-equiv="Expires" content="Tue, 01 Jan 1980 1:00:00 GMT"&gt;
        &lt;meta http-equiv="Pragma" content="no-cache"&gt;

        &lt;link href="/assets/favicon-Dz9sl_wd.ico" type="image/x-icon" rel="shortcut icon"&gt;

        &lt;link rel="stylesheet" type="text/css" href="/application/app.min.css?v=2432"&gt;

        &lt;!-- LOAD SVG_SPRITE HERE --&gt;
        &lt;/head&gt;&lt;body class="stargatev5 lang-fr standard-mode development low-height" style="opacity: 1; background-attachment: local; background-color: rgb(255, 255, 255);"&gt;&lt;svg id="svg-sprite"&gt;&lt;svg xmlns="http://www.w3.org/2000/svg" xmlns:xlink="http://www.w3.org/1999/xlink" viewBox="0 0 30 30"&gt;&lt;symbol id="icon-account" viewBox="0 0 30 30"&gt;&lt;path fill="#015" d="M15 2C7.83 2 2 7.83 2 15s5.83 13 13 13 13-5.83 13-13S22.17 2 15 2M8 23.48V23c0-1.65 1.35-3 3-3h8c1.65 0 3 1.35 3 3v.48C20.1 25.05 17.66 26 15 26s-5.1-.95-7-2.52m15.78-1.88C23.17 19.53 21.27 18 19 18h-8c-2.27 0-4.17 1.53-4.78 3.6A10.9 10.9 0 0 1 4 15C4 8.93 8.93 4 15 4s11 4.93 11 11c0 2.48-.83 4.76-2.22 6.6M15 6c-2.76 0-5 2.24-5 5s2.24 5 5 5 5-2.24 5-5-2.24-5-5-5m0 8c-1.65 0-3-1.35-3-3s1.35-3 3-3 3 1.35 3 3-1.35 3-3 3"&gt;&lt;/path&gt;&lt;/symbol&gt;&lt;view id="icon-account-view" viewBox="0 0 30 30"&gt;&lt;/view&gt;&lt;symbol id="icon-arrow-down-aqua" viewBox="0 0 18 22"&gt;&lt;path fill="#0EABA9" fill-rule="evenodd" d="M17.703 12.29c.39.39.39 1.02 0 1.41l-8 8a.996.996 0 0 1-1.41 0l-8-8a.996.996 0 1 1 1.41-1.41l6.3 6.3V1c0-.55.45-1 1-1s1 .45 1 1v17.59l6.29-6.3a.996.996 0 0 1 1.41 0"&gt;&lt;/path&gt;&lt;/symbol&gt;&lt;view id="icon-arrow-down-aqua-view" viewBox="0 30 18 22"&gt;&lt;/view&gt;&lt;symbol id="icon-arrow-left" viewBox="0 0 23 19"&gt;&lt;path fill="#015" fill-rule="evenodd" d="M9.703 17.29a.996.996 0 1 1-1.41 1.41l-8-8a.996.996 0 0 1 0-1.41l8-8a.996.996 0 1 1 1.41 1.41L3.403 9h17.59c.55 0 1 .45 1 1s-.45 1-1 1H3.402z"&gt;&lt;/path&gt;&lt;/symbol&gt;&lt;view id="icon-arrow-left-view" viewBox="0 52 23 19"&gt;&lt;/view&gt;&lt;symbol id="icon-arrow-up-purple" viewBox="0 0 18 22"&gt;&lt;path fill="#A63297" fill-rule="evenodd" d="M1.702 9.703a.996.996 0 1 1-1.41-1.41l8-8a.996.996 0 0 1 1.41 0l8 8a.996.996 0 1 1-1.41 1.41l-6.3-6.3v17.59c0 .55-.45 1-1 1s-1-.45-1-1V3.402z"&gt;&lt;/path&gt;&lt;/symbol&gt;&lt;view id="icon-arrow-up-purple-view" viewBox="0 71 18 22"&gt;&lt;/view&gt;&lt;symbol id="icon-bin" viewBox="0 0 22 26"&gt;&lt;path fill="#015" fill-rule="evenodd" d="M21 4h-5V2c0-1.1-.9-2-2-2H8C6.9 0 6 .9 6 2v2H1c-.55 0-1 .45-1 1s.45 1 1 1h1v19c0 .55.45 1 1 1h16c.55 0 1-.45 1-1V6h1c.55 0 1-.45 1-1s-.45-1-1-1M8 2h6v2H8zm10 22H4V6h14zM6 21V9c0-.55.45-1 1-1s1 .45 1 1v12c0 .55-.45 1-1 1s-1-.45-1-1m4 0V9c0-.55.45-1 1-1s1 .45 1 1v12c0 .55-.45 1-1 1s-1-.45-1-1m4 0V9c0-.55.45-1 1-1s1 .45 1 1v12c0 .55-.45 1-1 1s-1-.45-1-1"&gt;&lt;/path&gt;&lt;/symbol&gt;&lt;view id="icon-bin-view" viewBox="0 93 22 26"&gt;&lt;/view&gt;&lt;symbol id="icon-bug" viewBox="0 0 30 30"&gt;&lt;path fill="#333" d="M25.113 21.164c-.524.35-1.196.406-1.774.206a9 9 0 0 0 .608-2.41c.948-.095 1.836-.467 2.516-1.092A4.44 4.44 0 0 0 28 14.5a1 1 0 1 0-2 0c0 .715-.308 1.39-.867 1.874-.33.302-.757.5-1.199.583a9 9 0 0 0-.604-2.353 4.46 4.46 0 0 0 2.536-3.047c.09-.336.134-.681.134-1.057a1 1 0 1 0-2 0c0 .202-.02.373-.073.573a2.49 2.49 0 0 1-1.568 1.762 9.1 9.1 0 0 0-2.894-2.639A5.2 5.2 0 0 0 20 8a4.97 4.97 0 0 0-.833-2.753l1.54-1.54a1 1 0 1 0-1.414-1.414l-1.54 1.54A4.97 4.97 0 0 0 15 3c-1.016 0-1.96.309-2.75.836l-1.543-1.543a1 1 0 1 0-1.414 1.414l1.548 1.548A5.14 5.14 0 0 0 10 8.091c.015.733.21 1.448.534 2.106a9.1 9.1 0 0 0-2.893 2.638 2.51 2.51 0 0 1-1.576-1.796A2 2 0 0 1 6 10.5a1 1 0 0 0-2 0c0 .379.044.726.126 1.026a4.49 4.49 0 0 0 2.545 3.078 8.9 8.9 0 0 0-.605 2.353 2.5 2.5 0 0 1-1.223-.603A2.44 2.44 0 0 1 4 14.5a1 1 0 0 0-2 0c0 1.297.56 2.524 1.514 3.348a4.38 4.38 0 0 0 2.539 1.111c.09.844.3 1.652.608 2.41-.576.2-1.246.145-1.768-.202a1 1 0 0 0-1.108 1.666A4 4 0 0 0 6 23.5c.57 0 1.117-.133 1.623-.36A8.99 8.99 0 0 0 15 27c3.052 0 5.75-1.53 7.377-3.86A4 4 0 0 0 24 23.5a4 4 0 0 0 2.225-.674.999.999 0 1 0-1.112-1.662M12 8c0-1.654 1.346-3 3-3s3 1.346 3 3.05a3 3 0 0 1-.358 1.347 8.97 8.97 0 0 0-5.283 0A3.1 3.1 0 0 1 12 8M8 18c0-3.52 2.613-6.432 6-6.92v13.84c-3.387-.488-6-3.401-6-6.92m8 6.92V11.08c3.386.488 6 3.4 6 6.92s-2.614 6.432-6 6.92"&gt;&lt;/path&gt;&lt;/symbol&gt;&lt;view id="icon-bug-view" viewBox="0 119 30 30"&gt;&lt;/view&gt;&lt;symbol id="icon-carousel-stargatev2" viewBox="0 0 28 40"&gt;&lt;path fill-rule="evenodd" d="M23.333 0H4.667C2.1 0 0 2.077 0 4.615v33.847C0 39.308.7 40 1.556 40h24.888C27.3 40 28 39.308 28 38.462V4.615C28 2.077 25.9 0 23.333 0m1.556 36.923H3.11V4.615c0-.846.7-1.538 1.556-1.538h18.666c.856 0 1.556.692 1.556 1.538zm-7.778-7.692c0 1.692-1.4 3.077-3.111 3.077s-3.111-1.385-3.111-3.077c0-1.693 1.4-3.077 3.111-3.077s3.111 1.384 3.111 3.077m4.667-21.539c0 .846-.7 1.539-1.556 1.539H7.778a1.55 1.55 0 0 1-1.556-1.539c0-.846.7-1.538 1.556-1.538h12.444c.856 0 1.556.692 1.556 1.538m0 6.154c0 .846-.7 1.539-1.556 1.539H7.778a1.55 1.55 0 0 1-1.556-1.539c0-.846.7-1.538 1.556-1.538h12.444c.856 0 1.556.692 1.556 1.538"&gt;&lt;/path&gt;&lt;/symbol&gt;&lt;view id="icon-carousel-stargatev2-view" viewBox="0 149 28 40"&gt;&lt;/view&gt;&lt;symbol id="icon-central_storage" viewBox="0 0 26 20"&gt;&lt;path fill-rule="evenodd" d="M23 2h-9l-2-2H2C.9 0 0 .9 0 2v17c0 .55.45 1 1 1h24c.55 0 1-.45 1-1V5c0-1.65-1.35-3-3-3m1 16H2V4h21c.55 0 1 .45 1 1z"&gt;&lt;/path&gt;&lt;/symbol&gt;&lt;view id="icon-central_storage-view" viewBox="0 189 26 20"&gt;&lt;/view&gt;&lt;symbol id="icon-chevron-down-small" viewBox="0 0 13 7"&gt;&lt;path fill="#015" fill-rule="evenodd" d="M11.619.233a.81.81 0 0 1 1.137 0 .73.73 0 0 1 0 1.09L7.07 6.766a.81.81 0 0 1-1.138 0L.244 1.322a.73.73 0 0 1 0-1.089.81.81 0 0 1 1.137 0l5.119 4.9z"&gt;&lt;/path&gt;&lt;/symbol&gt;&lt;view id="icon-chevron-down-small-view" viewBox="0 209 13 7"&gt;&lt;/view&gt;&lt;symbol id="icon-chevron-left" viewBox="0 0 9 16"&gt;&lt;path fill="#1781E3" fill-rule="evenodd" d="M8.7 1.7c.4-.4.4-1 0-1.4s-1-.4-1.4 0l-7 7c-.4.4-.4 1 0 1.4l7 7c.4.4 1 .4 1.4 0s.4-1 0-1.4L2.4 8z"&gt;&lt;/path&gt;&lt;/symbol&gt;&lt;view id="icon-chevron-left-view" viewBox="0 216 9 16"&gt;&lt;/view&gt;&lt;symbol id="icon-chevron-right" viewBox="0 0 9 16"&gt;&lt;path fill="#1781E3" fill-rule="evenodd" d="M.3 1.7C-.1 1.3-.1.7.3.3s1-.4 1.4 0l7 7c.4.4.4 1 0 1.4l-7 7c-.4.4-1 .4-1.4 0s-.4-1 0-1.4L6.6 8z"&gt;&lt;/path&gt;&lt;/symbol&gt;&lt;view id="icon-chevron-right-view" viewBox="0 232 9 16"&gt;&lt;/view&gt;&lt;symbol id="icon-chevron-up-small" viewBox="0 0 13 7"&gt;&lt;path fill-rule="evenodd" d="M11.619.233a.81.81 0 0 1 1.137 0 .73.73 0 0 1 0 1.09L7.07 6.766a.81.81 0 0 1-1.138 0L.244 1.322a.73.73 0 0 1 0-1.089.81.81 0 0 1 1.137 0l5.119 4.9z" style="fill:#1781e3" transform="rotate(180 6.5 3.5)"&gt;&lt;/path&gt;&lt;/symbol&gt;&lt;view id="icon-chevron-up-small-view" viewBox="0 248 13 7"&gt;&lt;/view&gt;&lt;symbol id="icon-clear-circle" viewBox="0 0 30 30"&gt;&lt;path fill="none" d="M0 0h30v30H0z"&gt;&lt;/path&gt;&lt;path d="M15 2C7.8 2 2 7.8 2 15s5.8 13 13 13 13-5.8 13-13S22.2 2 15 2m0 24C8.9 26 4 21.1 4 15S8.9 4 15 4s11 4.9 11 11-4.9 11-11 11m1.4-11 4.3-4.3c.4-.4.3-1.1-.1-1.4s-.9-.3-1.3 0L15 13.6l-4.3-4.3c-.4-.4-1-.3-1.4.1-.3.4-.3.9 0 1.3l4.3 4.3-4.3 4.3c-.4.4-.3 1.1.1 1.4s.9.3 1.3 0l4.3-4.3 4.3 4.3c.4.4 1.1.3 1.4-.1s.3-.9 0-1.3z"&gt;&lt;/path&gt;&lt;/symbol&gt;&lt;view id="icon-clear-circle-view" viewBox="0 255 30 30"&gt;&lt;/view&gt;&lt;symbol id="icon-close" viewBox="0 0 30 30"&gt;&lt;path d="m16.41 15 7.29 7.29a.996.996 0 1 1-1.41 1.41L15 16.41 7.71 23.7a.996.996 0 1 1-1.41-1.41L13.59 15l-7.3-7.29A.996.996 0 1 1 7.7 6.3l7.3 7.29 7.29-7.29a.996.996 0 1 1 1.41 1.41z"&gt;&lt;/path&gt;&lt;/symbol&gt;&lt;view id="icon-close-view" viewBox="0 285 30 30"&gt;&lt;/view&gt;&lt;symbol id="icon-connection-wired" viewBox="0 0 26 12"&gt;&lt;g fill="none" fill-rule="evenodd"&gt;&lt;path d="M0-7h26v26H0z"&gt;&lt;/path&gt;&lt;path d="M26 6a1 1 0 0 0-.293-.707l-5-5a1 1 0 0 0-1.414 1.414L23.586 6l-4.293 4.293a1 1 0 0 0 1.414 1.414l5-5A1 1 0 0 0 26 6M0 6c0-.256.098-.512.293-.707l5-5a1 1 0 0 1 1.414 1.414L2.414 6l4.293 4.293a1 1 0 0 1-1.414 1.414l-5-5A1 1 0 0 1 0 6m9 1a1 1 0 1 1 0-2 1 1 0 0 1 0 2m4 0a1 1 0 1 1 0-2 1 1 0 0 1 0 2m4 0a1 1 0 1 1 0-2 1 1 0 0 1 0 2"&gt;&lt;/path&gt;&lt;/g&gt;&lt;/symbol&gt;&lt;view id="icon-connection-wired-view" viewBox="0 315 26 12"&gt;&lt;/view&gt;&lt;symbol id="icon-connection-wireless" viewBox="0 0 26 26"&gt;&lt;g fill-rule="evenodd"&gt;&lt;path d="M17.95 18.364a1 1 0 0 1-1.414 1.414 5 5 0 0 0-7.072 0 1 1 0 1 1-1.414-1.414 7 7 0 0 1 9.9 0" class="first-bar"&gt;&lt;/path&gt;&lt;path d="M21.485 14.828a1 1 0 1 1-1.414 1.415c-3.905-3.906-10.237-3.906-14.142 0a1 1 0 1 1-1.414-1.415c4.686-4.686 12.284-4.686 16.97 0" class="second-bar"&gt;&lt;/path&gt;&lt;path d="M25.02 11.293a1 1 0 1 1-1.413 1.414c-5.858-5.858-15.356-5.858-21.214 0A1 1 0 0 1 .98 11.293c6.64-6.639 17.403-6.639 24.042 0z" class="third-bar"&gt;&lt;/path&gt;&lt;/g&gt;&lt;/symbol&gt;&lt;view id="icon-connection-wireless-view" viewBox="0 327 26 26"&gt;&lt;/view&gt;&lt;symbol id="icon-dect-signal" viewBox="0 0 26 26"&gt;&lt;g fill="#E6E6E6" fill-rule="evenodd" transform="translate(6 6)"&gt;&lt;rect width="2" height="5" y="9" rx="1"&gt;&lt;/rect&gt;&lt;rect width="2" height="8" x="4" y="6" rx="1"&gt;&lt;/rect&gt;&lt;rect width="2" height="11" x="8" y="3" rx="1"&gt;&lt;/rect&gt;&lt;rect width="2" height="14" x="12" rx="1"&gt;&lt;/rect&gt;&lt;/g&gt;&lt;/symbol&gt;&lt;view id="icon-dect-signal-view" viewBox="0 353 26 26"&gt;&lt;/view&gt;&lt;symbol id="icon-dect" viewBox="0 0 26 26"&gt;&lt;path fill="#015" d="M23 5H12c0-2.21-1.79-4-4-4S4 2.79 4 5H3C1.35 5 0 6.35 0 8v16c0 .55.45 1 1 1h24c.55 0 1-.45 1-1V8c0-1.65-1.35-3-3-3M6 5c0-1.1.9-2 2-2s2 .9 2 2v12c0 1.1-.9 2-2 2s-2-.9-2-2zm18 18H2V8c0-.55.45-1 1-1h1v10c0 2.21 1.79 4 4 4s4-1.79 4-4V7h11c.55 0 1 .45 1 1zm-2-11c0 .55-.45 1-1 1h-4c-.55 0-1-.45-1-1s.45-1 1-1h4c.55 0 1 .45 1 1m0 4c0 .55-.45 1-1 1h-4c-.55 0-1-.45-1-1s.45-1 1-1h4c.55 0 1 .45 1 1m0 4c0 .55-.45 1-1 1h-4c-.55 0-1-.45-1-1s.45-1 1-1h4c.55 0 1 .45 1 1"&gt;&lt;/path&gt;&lt;/symbol&gt;&lt;view id="icon-dect-view" viewBox="0 379 26 26"&gt;&lt;/view&gt;&lt;symbol id="icon-directory" viewBox="0 0 24 22"&gt;&lt;path fill="#015" fill-rule="evenodd" d="M21 0H3c-.55 0-1 .45-1 1v3H1c-.55 0-1 .45-1 1s.45 1 1 1h1v4H1c-.55 0-1 .45-1 1s.45 1 1 1h1v4H1c-.55 0-1 .45-1 1s.45 1 1 1h1v3c0 .55.45 1 1 1h16c1.65 0 3-1.35 3-3v-7.17c1.16-.41 2-1.53 2-2.83V3c0-1.65-1.35-3-3-3m1 9c0 .55-.45 1-1 1s-1 .45-1 1v8c0 .55-.45 1-1 1H4v-2h1c.55 0 1-.45 1-1s-.45-1-1-1H4v-4h1c.55 0 1-.45 1-1s-.45-1-1-1H4V6h1c.55 0 1-.45 1-1s-.45-1-1-1H4V2h17c.55 0 1 .45 1 1zM11.37 6.01l-3.5 10h1.94l.7-2.04h3.78l.7 2.04h2.13l-3.57-10zM11 12.43l.9-2.55c.19-.58.36-1.16.47-1.67h.01c.12.56.27 1.05.46 1.6l.93 2.62z"&gt;&lt;/path&gt;&lt;/symbol&gt;&lt;view id="icon-directory-view" viewBox="0 405 24 22"&gt;&lt;/view&gt;&lt;symbol id="icon-edit" viewBox="0 0 22 23"&gt;&lt;path fill="#015" fill-rule="evenodd" d="M6.91 15.59c-.1-.22-.28-.4-.5-.5l-3.24-1.46 8.52-8.52 5.21 5.21-8.52 8.52zM2 15.29l3.24 1.46L6.71 20H2zm19.12-6.37a3 3 0 0 0 0-4.24L17.33.89c-1.13-1.13-3.11-1.13-4.24 0L.73 13.24C.26 13.71 0 14.34 0 15v6c0 .55.45 1 1 1h6c.67 0 1.29-.26 1.77-.73zM19.71 7.5l-1.39 1.39-5.21-5.21L14.5 2.3c.38-.38 1.04-.38 1.41 0l3.79 3.79c.4.39.4 1.02.01 1.41"&gt;&lt;/path&gt;&lt;/symbol&gt;&lt;view id="icon-edit-view" viewBox="0 427 22 23"&gt;&lt;/view&gt;&lt;symbol id="icon-exclamation-error-circle" viewBox="16 0 16 16"&gt;&lt;g fill="none" fill-rule="evenodd"&gt;&lt;path fill="#ff8b2e" d="M16 8a8 8 0 1 0 16 0 8 8 0 0 0-16 0"&gt;&lt;/path&gt;&lt;path fill="#FFF" d="M25 11c0 .55-.45 1-1 1s-1-.45-1-1 .45-1 1-1 1 .45 1 1m-2-7h2v2l-.5 3h-1L23 6z"&gt;&lt;/path&gt;&lt;/g&gt;&lt;/symbol&gt;&lt;view id="icon-exclamation-error-circle-view" viewBox="0 450 32 29"&gt;&lt;/view&gt;&lt;symbol id="icon-exclamation-mark-circle" viewBox="0 0 26 26"&gt;&lt;path fill-rule="evenodd" d="M13 0C5.83 0 0 5.83 0 13s5.83 13 13 13 13-5.83 13-13S20.17 0 13 0m0 24C6.93 24 2 19.07 2 13S6.93 2 13 2s11 4.93 11 11-4.93 11-11 11m2-5c0 1.1-.9 2-2 2s-2-.9-2-2 .9-2 2-2 2 .9 2 2M11 5h4v4l-1 6h-2l-1-6z"&gt;&lt;/path&gt;&lt;/symbol&gt;&lt;view id="icon-exclamation-mark-circle-view" viewBox="0 479 26 26"&gt;&lt;/view&gt;&lt;symbol id="icon-forward" viewBox="0 0 30 30"&gt;&lt;path d="M5.293 23.707a.997.997 0 0 0 1.414 0l8-8a1 1 0 0 0 0-1.414l-8-8a1 1 0 1 0-1.414 1.414L12.586 15l-7.293 7.293a1 1 0 0 0 0 1.414" class="st2" style="fill:#015"&gt;&lt;/path&gt;&lt;path d="M16 24a1 1 0 0 0 .707-.293l8-8a1 1 0 0 0 0-1.414l-8-8a1 1 0 1 0-1.414 1.414L22.586 15l-7.293 7.293A1 1 0 0 0 16 24" class="st2" style="fill:#015"&gt;&lt;/path&gt;&lt;/symbol&gt;&lt;view id="icon-forward-view" viewBox="0 505 30 30"&gt;&lt;/view&gt;&lt;symbol id="icon-gsm-signal" viewBox="0 0 26 26"&gt;&lt;g fill="#91BA2F" fill-rule="evenodd" transform="translate(4 7)"&gt;&lt;rect width="2" height="5" y="8" rx="1"&gt;&lt;/rect&gt;&lt;rect width="2" height="7" x="4" y="6" rx="1"&gt;&lt;/rect&gt;&lt;rect width="2" height="9" x="8" y="4" rx="1"&gt;&lt;/rect&gt;&lt;rect width="2" height="11" x="12" y="2" rx="1"&gt;&lt;/rect&gt;&lt;rect width="2" height="13" x="16" rx="1"&gt;&lt;/rect&gt;&lt;/g&gt;&lt;/symbol&gt;&lt;view id="icon-gsm-signal-view" viewBox="0 535 26 26"&gt;&lt;/view&gt;&lt;symbol fill="none" id="icon-high-bandwidth-1" viewBox="0 0 16 16"&gt;&lt;path fill="#333" fill-rule="evenodd" d="M13.424 3.09c.56.355 1.326.841 1.565 2.08.235 1.22-.234 2.051-.546 2.602-.086.153-.168.298-.196.388-.04.128-.034.375-.029.613.017.669.038 1.585-.74 2.329a2.5 2.5 0 0 1-1.018.598l1.14 1.14a.64.64 0 0 1 0 .905l-2.067 2.068a.64.64 0 0 1-.906 0l-2.385-2.386q-.033.002-.065.006-.091.01-.189.011h-.031q-.047 0-.091-.006l-.061-.006-2.38 2.381a.64.64 0 0 1-.906 0l-2.067-2.068a.64.64 0 0 1 0-.905l1.161-1.162a2.3 2.3 0 0 1-1.215-.718c-.707-.797-.659-1.663-.627-2.236v-.003c.012-.219.025-.445-.014-.554a4 4 0 0 0-.169-.371l-.021-.042-.001-.001c-.312-.627-.785-1.575-.453-2.865.271-1.054.881-1.475 1.326-1.782.197-.136.367-.254.489-.406.103-.129.17-.325.247-.552.183-.538.433-1.274 1.398-1.823.989-.561 1.984-.27 2.711-.057l.004.001c.273.08.53.155.688.155.189 0 .444-.076.714-.157.619-.186 1.467-.44 2.417-.023 1.051.46 1.361 1.311 1.588 1.933v.002c.086.236.176.48.271.58.104.107.268.21.457.33zM3.81 13.292l1.162 1.163 1.464-1.465c-.371-.241-.65-.535-.871-.772-.123-.13-.256-.271-.347-.334zm7.27 1.163L9.586 12.96c.31-.207.554-.443.751-.639.166-.165.323-.32.441-.379.023-.012.054-.02.084-.028l.001-.001 1.379 1.379zm1.945-6.677c.068-.219.182-.422.304-.636.27-.478.549-.972.403-1.73-.134-.696-.514-.937-.994-1.241-.238-.15-.483-.305-.692-.522-.285-.295-.422-.67-.554-1.032-.188-.515-.35-.96-.899-1.201-.518-.227-.988-.087-1.531.076l-.004.001c-.347.104-.705.212-1.082.212-.342 0-.687-.101-1.052-.208-.376-.11-.74-.217-1.083-.217-.221 0-.433.044-.635.159-.542.308-.664.666-.819 1.12v.002c-.102.298-.216.635-.459.938-.239.299-.516.491-.761.66l-.001.001c-.384.264-.661.456-.813 1.047-.213.828.078 1.411.36 1.975.1.201.19.386.25.555.126.352.106.711.086 1.058-.031.566-.033.932.306 1.315.302.34.688.378 1.287.401.383.014.779.03 1.13.212.282.146.498.375.726.619l.002.002c.393.419.764.814 1.469.82.677.021 1.057-.345 1.466-.752.231-.228.469-.465.772-.615.364-.182.745-.201 1.114-.219h.004c.478-.023.891-.043 1.269-.402.344-.329.36-.738.345-1.373v-.002c-.009-.341-.017-.695.086-1.023" clip-path="url(#clip0_909_57587)" clip-rule="evenodd"&gt;&lt;/path&gt;&lt;path fill="#333" d="M6.02 9.483V8.379h1.565v-3.87l-1.392.547-.202-1.162 1.921-.653h.951v5.138h1.363v1.104z" clip-path="url(#clip0_909_57587)"&gt;&lt;/path&gt;&lt;/symbol&gt;&lt;view id="icon-high-bandwidth-1-view" viewBox="0 561 16 16"&gt;&lt;/view&gt;&lt;symbol fill="none" id="icon-high-bandwidth-2" viewBox="0 0 16 16"&gt;&lt;path fill="#333" fill-rule="evenodd" d="M13.424 3.09c.559.355 1.326.84 1.564 2.079.236 1.221-.234 2.053-.545 2.602a2.6 2.6 0 0 0-.197.389c-.039.128-.034.375-.028.612.016.669.037 1.586-.742 2.33a2.5 2.5 0 0 1-1.017.597L13.6 12.84a.64.64 0 0 1 0 .905l-2.068 2.067a.64.64 0 0 1-.905 0l-2.386-2.386-.065.006a2 2 0 0 1-.189.011h-.03a1 1 0 0 1-.091-.005l-.061-.006-2.381 2.38a.64.64 0 0 1-.905 0l-2.068-2.067a.64.64 0 0 1 0-.905l1.162-1.162a2.3 2.3 0 0 1-1.215-.718c-.708-.798-.66-1.663-.628-2.237v-.002c.013-.219.025-.446-.013-.554-.042-.115-.103-.237-.17-.372l-.021-.041v-.001c-.313-.627-.785-1.576-.453-2.865.271-1.055.88-1.475 1.326-1.783.196-.135.367-.254.488-.406.104-.129.17-.324.248-.552.182-.537.433-1.274 1.398-1.821.989-.563 1.984-.271 2.71-.059l.004.002c.273.08.53.155.688.155.19 0 .444-.077.714-.158.62-.185 1.468-.44 2.417-.023 1.05.461 1.361 1.312 1.589 1.934v.001c.085.237.175.481.271.581.104.106.267.21.456.33zM3.809 13.292l1.162 1.163 1.464-1.465c-.371-.242-.65-.536-.87-.772a3 3 0 0 0-.348-.335zm7.27 1.163L9.585 12.96c.31-.207.554-.444.752-.639.166-.165.322-.32.44-.379q.037-.017.085-.029h.001l1.378 1.379zm1.945-6.677c.068-.219.183-.423.304-.636.271-.478.548-.972.403-1.731-.135-.696-.514-.936-.994-1.24-.238-.15-.482-.306-.691-.523-.286-.294-.423-.669-.555-1.031-.187-.515-.349-.96-.899-1.201-.518-.227-.987-.087-1.53.075l-.005.002c-.346.104-.705.212-1.082.212-.342 0-.687-.102-1.052-.208-.376-.111-.739-.217-1.083-.217-.221 0-.433.043-.634.159-.543.307-.664.666-.82 1.12v.002c-.101.297-.216.634-.458.937-.239.3-.517.492-.761.661h-.001c-.384.265-.662.457-.813 1.048-.214.827.078 1.411.359 1.975.101.201.19.386.25.554.126.353.107.712.087 1.059-.032.566-.034.932.306 1.315.301.339.687.378 1.286.401.383.013.78.029 1.13.211.283.146.499.376.726.62l.002.002c.394.418.765.814 1.469.819.678.022 1.057-.344 1.466-.751.231-.228.47-.465.772-.616.364-.181.746-.201 1.114-.218l.005-.001c.477-.022.891-.042 1.268-.401.344-.329.36-.738.345-1.373v-.002c-.008-.342-.017-.695.086-1.023" clip-rule="evenodd"&gt;&lt;/path&gt;&lt;path fill="#333" d="M5.875 9.482v-.998l.942-.922q.548-.538.884-.903a7 7 0 0 0 .528-.633q.181-.26.24-.451.066-.192.067-.384a.88.88 0 0 0-.269-.663q-.26-.27-.778-.27-.394 0-.739.135-.336.134-.587.308l-.24-1.095q.366-.202.836-.336.471-.134.999-.135.557 0 .96.154.404.153.663.413.26.25.384.586.125.336.125.691 0 .308-.077.596-.068.288-.24.595a4.6 4.6 0 0 1-.48.653q-.298.345-.759.778l-.758.71v.01q.336-.01.787-.01.46-.009.989-.009h.768v1.18z"&gt;&lt;/path&gt;&lt;/symbol&gt;&lt;view id="icon-high-bandwidth-2-view" viewBox="0 577 16 16"&gt;&lt;/view&gt;&lt;symbol fill="none" id="icon-high-bandwidth-3" viewBox="0 0 16 16"&gt;&lt;path fill="#333" fill-rule="evenodd" d="M13.424 3.09c.559.355 1.326.841 1.564 2.079.236 1.221-.234 2.052-.545 2.602-.087.154-.169.299-.197.389-.039.127-.034.374-.028.613.016.669.037 1.585-.741 2.328a2.5 2.5 0 0 1-1.017.599l1.14 1.14a.64.64 0 0 1 0 .905l-2.068 2.067a.64.64 0 0 1-.905 0l-2.386-2.386-.065.006a2 2 0 0 1-.189.012h-.031a1 1 0 0 1-.09-.007l-.061-.005-2.381 2.38a.64.64 0 0 1-.905 0l-2.068-2.067a.64.64 0 0 1 0-.905l1.162-1.162a2.3 2.3 0 0 1-1.216-.718c-.707-.798-.658-1.663-.626-2.236v-.003c.012-.219.024-.446-.015-.554-.04-.115-.102-.237-.169-.371l-.021-.042v-.001c-.313-.628-.785-1.575-.453-2.865.271-1.055.88-1.475 1.325-1.782.197-.136.368-.254.489-.406.104-.129.17-.325.247-.552.183-.538.434-1.274 1.399-1.823.989-.561 1.984-.27 2.71-.057l.004.001c.273.08.531.155.688.155.189 0 .444-.076.714-.158.62-.185 1.468-.439 2.417-.023 1.051.461 1.362 1.312 1.588 1.934l.001.001c.086.237.175.481.271.58.103.107.267.211.456.331zM3.809 13.292l1.162 1.162 1.464-1.464c-.371-.241-.649-.536-.871-.772a3 3 0 0 0-.347-.334zm7.27 1.162L9.585 12.96c.31-.207.555-.444.752-.639.165-.165.322-.32.44-.379q.037-.017.084-.028l.002-.001 1.379 1.379zm1.945-6.676c.069-.219.183-.422.304-.636.27-.478.549-.972.403-1.73-.134-.696-.513-.937-.993-1.241-.238-.15-.483-.306-.693-.523-.285-.294-.422-.669-.554-1.031-.187-.515-.349-.96-.899-1.201-.518-.228-.987-.087-1.531.076l-.003.001c-.347.104-.706.212-1.083.212-.342 0-.686-.101-1.051-.208-.377-.111-.74-.217-1.084-.217-.22 0-.433.044-.635.159-.542.307-.664.666-.818 1.12l-.001.002c-.101.297-.216.635-.458.938-.239.299-.517.491-.761.66h-.001c-.384.265-.662.456-.813 1.048-.213.827.078 1.411.359 1.975.1.201.19.386.25.554.126.353.106.712.087 1.059-.032.566-.034.932.306 1.315.301.339.687.378 1.286.401.383.014.779.03 1.13.212.283.146.498.375.727.619l.002.002c.393.418.764.813 1.468.82.678.021 1.057-.345 1.467-.752.23-.228.469-.465.771-.616.364-.182.746-.2 1.114-.218h.005c.478-.023.891-.043 1.268-.402.344-.329.36-.738.345-1.373v-.002c-.008-.342-.016-.695.086-1.023" clip-rule="evenodd"&gt;&lt;/path&gt;&lt;path fill="#333" d="M10.033 7.495q0 .5-.201.893a1.9 1.9 0 0 1-.567.653 2.7 2.7 0 0 1-.883.413 4.4 4.4 0 0 1-1.124.134q-.355 0-.691-.048-.327-.038-.547-.105l.115-1.057q.537.183 1.2.183.711 0 1.037-.259a.83.83 0 0 0 .336-.673.76.76 0 0 0-.326-.643q-.327-.24-1.037-.24-.27 0-.5.019a7 7 0 0 0-.48.039v-.951h.279q.441 0 .797-.058a2.3 2.3 0 0 0 .614-.173 1 1 0 0 0 .394-.288.67.67 0 0 0 .144-.432.66.66 0 0 0-.259-.547q-.26-.202-.778-.202-.403 0-.739.096a3 3 0 0 0-.596.221l-.115-1.037q.364-.135.778-.211a4.6 4.6 0 0 1 .922-.087q1.046 0 1.555.432.519.433.519 1.105 0 .548-.288.902-.28.346-.797.5l-.01.029q.269.028.499.153t.394.317q.173.183.259.423.096.23.096.499"&gt;&lt;/path&gt;&lt;/symbol&gt;&lt;view id="icon-high-bandwidth-3-view" viewBox="0 593 16 16"&gt;&lt;/view&gt;&lt;symbol id="icon-home_network_security" viewBox="0 0 26 26"&gt;&lt;path d="m11.868 17.2-4-4c-.4-.4-.4-1 0-1.4s1-.4 1.4 0l3.1 3.1 4.3-7.9c.3-.5.9-.7 1.4-.4s.7.9.4 1.4l-5 9c-.2.3-.5.5-.9.5-.3 0-.5-.1-.7-.3"&gt;&lt;/path&gt;&lt;g transform="translate(-1.932 -2)"&gt;&lt;path d="m15 4 8 2.7V17c0 4.2-6.1 8-8 8.9-1.9-1-8-4.7-8-8.9V6.7zm0-2c-.1 0-.2 0-.4.1l-8.9 3c-.4.1-.7.5-.7.9v11c0 6 8.6 10.5 9.6 10.9.1.1.3.1.4.1s.3 0 .4-.1c1-.4 9.6-4.9 9.6-10.9V6c0-.4-.3-.8-.7-.9l-8.9-3c-.2-.1-.3-.1-.4-.1"&gt;&lt;/path&gt;&lt;/g&gt;&lt;/symbol&gt;&lt;view id="icon-home_network_security-view" viewBox="0 609 26 26"&gt;&lt;/view&gt;&lt;symbol id="icon-incoming-call" viewBox="0 0 27 27"&gt;&lt;g fill="#1781E3" fill-rule="evenodd"&gt;&lt;path d="m3.476 1.302-1.94 1.94c-1.68 1.68-1.992 4.44-.882 7.77 1.027 3.092 3.185 6.38 6.069 9.265 2.884 2.884 6.172 5.042 9.264 6.069 3.33 1.11 6.09.799 7.77-.882l1.94-1.94a1.033 1.033 0 0 0 0-1.463l-6.224-6.225a1.033 1.033 0 0 0-1.463 0l-2.386 2.376-6.837-6.837L11.163 9a1.033 1.033 0 0 0 0-1.463L4.938 1.312a1.024 1.024 0 0 0-1.462-.01m5.498 6.961-2.376 2.376a1.033 1.033 0 0 0 0 1.463l8.3 8.3a1.033 1.033 0 0 0 1.462 0l2.376-2.376 4.762 4.761-1.204 1.204c-1.078 1.079-3.133 1.214-5.643.384-2.79-.934-5.789-2.905-8.445-5.571-2.655-2.667-4.637-5.665-5.57-8.445-.84-2.511-.696-4.565.383-5.644L4.212 3.5zm7.186-4.059V9.86c0 .551.445.997.997.997h5.657a.996.996 0 1 0 0-1.994l-3.246.007 5.367-5.367a1.003 1.003 0 0 0 0-1.414 1.003 1.003 0 0 0-1.414 0l-5.367 5.367V4.218a.996.996 0 1 0-1.994-.014"&gt;&lt;/path&gt;&lt;/g&gt;&lt;/symbol&gt;&lt;view id="icon-incoming-call-view" viewBox="0 635 27 27"&gt;&lt;/view&gt;&lt;symbol id="icon-information-circle" viewBox="0 0 20 20"&gt;&lt;path fill="#333" fill-rule="evenodd" d="M10 0C4.485 0 0 4.485 0 10s4.485 10 10 10 10-4.485 10-10S15.515 0 10 0m0 18.462c-4.67 0-8.462-3.793-8.462-8.462 0-4.67 3.793-8.462 8.462-8.462 4.67 0 8.462 3.793 8.462 8.462 0 4.67-3.793 8.462-8.462 8.462m1.538-12.308c0 .846-.692 1.538-1.538 1.538a1.543 1.543 0 0 1-1.538-1.538c0-.846.692-1.539 1.538-1.539s1.538.693 1.538 1.539m0 4.615v4.616H8.462v-4.616c0-.846.692-1.538 1.538-1.538s1.538.692 1.538 1.538" opacity=".7"&gt;&lt;/path&gt;&lt;/symbol&gt;&lt;view id="icon-information-circle-view" viewBox="0 662 20 20"&gt;&lt;/view&gt;&lt;symbol id="icon-leaf" viewBox="0 0 23 22"&gt;&lt;path fill-rule="evenodd" d="M22 0H12C5.93 0 1 4.93 1 11c0 2.67.96 5.13 2.55 7.03l-2.26 2.26A.996.996 0 1 0 2.7 21.7l2.26-2.26C6.87 21.04 9.33 22 12 22c6.07 0 11-4.93 11-11V1c0-.55-.45-1-1-1m-1 11c0 4.96-4.04 9-9 9-2.12 0-4.07-.74-5.61-1.97L8.41 16H16c.55 0 1-.45 1-1s-.45-1-1-1h-5.59l6.29-6.29a.996.996 0 1 0-1.41-1.41L9 12.59V7c0-.55-.45-1-1-1s-1 .45-1 1v7.59l-2.03 2.03A9 9 0 0 1 3 11c0-4.96 4.04-9 9-9h9z"&gt;&lt;/path&gt;&lt;/symbol&gt;&lt;view id="icon-leaf-view" viewBox="0 682 23 22"&gt;&lt;/view&gt;&lt;symbol id="icon-loading-spinner-26-px" viewBox="0 0 26 26"&gt;&lt;circle cx="13" cy="13" r="10"&gt;&lt;/circle&gt;&lt;/symbol&gt;&lt;view id="icon-loading-spinner-26-px-view" viewBox="0 704 26 26"&gt;&lt;/view&gt;&lt;symbol id="icon-lock" viewBox="0 0 18 26"&gt;&lt;path fill="#015" fill-rule="evenodd" d="M16 8V7c0-3.86-3.14-7-7-7S2 3.14 2 7v1c-1.1 0-2 .9-2 2v7c0 4.96 4.04 9 9 9s9-4.04 9-9v-7c0-1.1-.9-2-2-2M4 7c0-2.76 2.24-5 5-5s5 2.24 5 5v1H4zm12 10c0 3.86-3.14 7-7 7s-7-3.14-7-7v-7h14zm-9-2c0-1.1.9-2 2-2s2 .9 2 2c0 .74-.4 1.38-1 1.72V19c0 .55-.45 1-1 1s-1-.45-1-1v-2.28c-.59-.34-1-.98-1-1.72"&gt;&lt;/path&gt;&lt;/symbol&gt;&lt;view id="icon-lock-view" viewBox="0 730 18 26"&gt;&lt;/view&gt;&lt;symbol id="icon-login-bonding" viewBox="0 0 26 20"&gt;&lt;path fill="#015" d="M21 12.977a1 1 0 0 1-2 0 5.995 5.995 0 0 0-6-5.99 1 1 0 1 1 0-1.996c4.418 0 8 3.575 8 7.986m5 0a1 1 0 0 1-2 0c0-6.064-4.925-10.98-11-10.98A1 1 0 1 1 13 0c7.18 0 13 5.81 13 12.977m-13.918 2.455h1.922v4.026c-.814.333-1.85.542-2.923.542-1.856 0-3.104-.681-3.739-1.845H5.327l-.317 1.706H3.111l.317-1.706H0L.124 16.5l3.805-4.853h2.656l-.927 4.777h1.21a6 6 0 0 1-.016-.425c0-2.77 1.678-4.568 4.712-4.568a8.5 8.5 0 0 1 2.406.345l-.383 1.748a5.8 5.8 0 0 0-2.11-.381c-1.8 0-2.552 1.142-2.552 2.622 0 1.54.79 2.5 2.368 2.5a2.6 2.6 0 0 0 .79-.112v-2.72zm-8.277.992.547-2.831h-.013l-2.243 2.856c.43-.025 1.38-.025 1.71-.025z"&gt;&lt;/path&gt;&lt;/symbol&gt;&lt;view id="icon-login-bonding-view" viewBox="0 756 26 20"&gt;&lt;/view&gt;&lt;symbol id="icon-menu-applications" viewBox="0 0 26 26"&gt;&lt;path fill-rule="evenodd" d="M9 0H3C1.35 0 0 1.35 0 3v8c0 .55.45 1 1 1h10c.55 0 1-.45 1-1V3c0-1.65-1.35-3-3-3m1 10H2V3c0-.55.45-1 1-1h6c.55 0 1 .45 1 1zm5 2h10c.55 0 1-.45 1-1V3c0-1.65-1.35-3-3-3h-6c-1.65 0-3 1.35-3 3v8c0 .55.45 1 1 1m2-10h6c.55 0 1 .45 1 1v7h-8V3c0-.55.45-1 1-1m6 12h-6c-1.65 0-3 1.35-3 3v8c0 .55.45 1 1 1h10c.55 0 1-.45 1-1v-8c0-1.65-1.35-3-3-3m1 10h-8v-7c0-.55.45-1 1-1h6c.55 0 1 .45 1 1zM17.79 8.21c-.39-.39-.39-1.02 0-1.42l3-3.01a.996.996 0 1 1 1.41 1.41l-3 3.01c-.38.4-1.02.4-1.41.01M8 6c0 1.1-.9 2-2 2s-2-.9-2-2 .9-2 2-2 2 .9 2 2m1 8H3c-1.65 0-3 1.35-3 3v8c0 .55.45 1 1 1h10c.55 0 1-.45 1-1v-8c0-1.65-1.35-3-3-3m1 10H2v-7c0-.55.45-1 1-1h6c.55 0 1 .45 1 1zm-1.79-4.8-.8.8.79.79a.996.996 0 1 1-1.41 1.41L6 21.42l-.79.8c-.39.39-1.02.38-1.42-.01a.975.975 0 0 1 0-1.4l.8-.8-.79-.79a.996.996 0 1 1 1.41-1.41l.79.77.79-.8a.996.996 0 0 1 1.41 0c.4.4.4 1.03.01 1.42"&gt;&lt;/path&gt;&lt;/symbol&gt;&lt;view id="icon-menu-applications-view" viewBox="0 776 26 26"&gt;&lt;/view&gt;&lt;symbol id="icon-menu-debugging" viewBox="0 0 26 26"&gt;&lt;path d="M4.5 23.6c-.7 0-1.4-.3-2-.7-.1 0-.1-.1-.2-.1L.2 20.7c-.1-.3-.2-.5-.2-.8s.1-.5.3-.7L15.1 4.3s.1-.1.2-.1c1.3-1.2 3-1.8 4.7-1.8 2.4 0 4.5 1.2 5.8 3.2.1.1.2.3.2.5v1.3c0 .6-.4 1-1 1h-4v2h4c.6 0 1 .4 1 1v1.3c0 .2-.1.4-.2.5-1.3 2-3.5 3.2-5.8 3.2-1.9 0-3.6-.8-4.9-2.1l-8.4 8.4c-.1.1-.1.1-.2.1-.6.5-1.2.8-2 .8m-.8-2.4c.5.5 1.1.5 1.5.1l.1-.1 9-9c.2-.2.5-.3.8-.3s.6.2.7.4c.9 1.3 2.5 2.1 4.1 2.1s3-.7 4-2h-4c-.6 0-1-.4-1-1v-4c0-.6.4-1 1-1h4c-.9-1.3-2.4-2-4-2-1.3 0-2.5.5-3.4 1.4l-.1.1-14 14z"&gt;&lt;/path&gt;&lt;/symbol&gt;&lt;view id="icon-menu-debugging-view" viewBox="0 802 26 26"&gt;&lt;/view&gt;&lt;symbol id="icon-menu-diagnostics" viewBox="0 0 26 26"&gt;&lt;path fill-rule="evenodd" d="M13 0C5.83 0 0 5.83 0 13s5.83 13 13 13 13-5.83 13-13S20.17 0 13 0m0 24C6.93 24 2 19.07 2 13S6.93 2 13 2s11 4.93 11 11-4.93 11-11 11m2-5c0 1.1-.9 2-2 2s-2-.9-2-2 .9-2 2-2 2 .9 2 2M11 5h4v4l-1 6h-2l-1-6z"&gt;&lt;/path&gt;&lt;/symbol&gt;&lt;view id="icon-menu-diagnostics-view" viewBox="0 828 26 26"&gt;&lt;/view&gt;&lt;symbol id="icon-menu-network" viewBox="0 0 26 26"&gt;&lt;path fill-rule="evenodd" d="M13 0C5.83 0 0 5.83 0 13s5.83 13 13 13 13-5.83 13-13S20.17 0 13 0m0 24c-1.69 0-3.51-2.32-4.42-6h8.84c-.91 3.68-2.73 6-4.42 6m-4.8-8c-.13-.94-.2-1.94-.2-3s.08-2.06.2-3h9.59c.13.94.2 1.94.2 3s-.08 2.06-.2 3zM2 13c0-1.04.15-2.04.43-3h3.76c-.12.96-.19 1.96-.19 3s.07 2.04.19 3H2.43c-.28-.96-.43-1.96-.43-3M13 2c1.69 0 3.51 2.32 4.42 6H8.58c.91-3.68 2.73-6 4.42-6m6.81 8h3.76c.27.96.43 1.96.43 3s-.15 2.04-.43 3h-3.76c.12-.96.19-1.96.19-3s-.07-2.04-.19-3m2.98-2h-3.31c-.43-1.98-1.11-3.69-1.98-5.03C19.78 4 21.65 5.78 22.79 8M8.5 2.97C7.63 4.31 6.95 6.02 6.52 8H3.21C4.35 5.78 6.22 4 8.5 2.97M3.21 18h3.31c.43 1.98 1.11 3.69 1.98 5.03A11.1 11.1 0 0 1 3.21 18m14.29 5.03c.86-1.33 1.55-3.05 1.98-5.03h3.31c-1.14 2.22-3.01 4-5.29 5.03"&gt;&lt;/path&gt;&lt;/symbol&gt;&lt;view id="icon-menu-network-view" viewBox="0 854 26 26"&gt;&lt;/view&gt;&lt;symbol id="icon-menu-overview" viewBox="0 0 22 24"&gt;&lt;path fill-rule="evenodd" d="M21 24h-7c-.55 0-1-.45-1-1v-5H9v5c0 .55-.45 1-1 1H1c-.55 0-1-.45-1-1V11.21c0-.67.26-1.29.73-1.77L9.58.59c.76-.76 2.07-.76 2.83 0l8.85 8.85c.47.47.73 1.1.73 1.77V23c.01.55-.44 1-.99 1m-6-2h5V11.21c0-.18-.09-.3-.15-.35L11 2l-8.85 8.85c-.06.06-.15.18-.15.36V22h5v-5c0-.55.45-1 1-1h6c.55 0 1 .45 1 1z"&gt;&lt;/path&gt;&lt;/symbol&gt;&lt;view id="icon-menu-overview-view" viewBox="0 880 22 24"&gt;&lt;/view&gt;&lt;symbol id="icon-menu-parental-control" viewBox="0 0 22 27"&gt;&lt;path fill-rule="evenodd" d="M22 8v18c0 .55-.45 1-1 1s-1-.45-1-1V8.57l-9-5.4-9 5.4V26c0 .55-.45 1-1 1s-1-.45-1-1V8c0-.35.18-.68.49-.86l10-6c.32-.19.71-.19 1.03 0l10 6c.3.18.48.51.48.86m-5.05 13.68a1 1 0 0 1-.14.9c-.19.27-.49.42-.81.42h-1.22l-.81 3.24c-.11.45-.51.76-.97.76H9c-.46 0-.86-.31-.97-.76L7.22 23H6c-.32 0-.62-.15-.81-.42a1 1 0 0 1-.14-.9l2-6c.14-.4.52-.68.95-.68h6c.43 0 .81.28.95.68zM12.72 23H9.28l.5 2h2.44zm1.89-2-1.33-4H8.72l-1.33 4zm-8.32-9.71 1.21-1.21c0-.03-.01-.05-.01-.08 0-1.93 1.57-3.5 3.5-3.5s3.5 1.57 3.5 3.5c0 .03-.01.05-.01.08l1.21 1.21a.996.996 0 1 1-1.41 1.41l-.55-.55c-.63.82-1.62 1.35-2.73 1.35s-2.1-.53-2.74-1.35l-.55.55a.996.996 0 0 1-1.41 0 .987.987 0 0 1-.01-1.41M9.5 10c0 .83.67 1.5 1.5 1.5s1.5-.67 1.5-1.5-.67-1.5-1.5-1.5-1.5.67-1.5 1.5"&gt;&lt;/path&gt;&lt;/symbol&gt;&lt;view id="icon-menu-parental-control-view" viewBox="0 904 22 27"&gt;&lt;/view&gt;&lt;symbol id="icon-menu-power" viewBox="0 0 23 22"&gt;&lt;path fill-rule="evenodd" d="M22 0H12C5.93 0 1 4.93 1 11c0 2.67.96 5.13 2.55 7.03l-2.26 2.26A.996.996 0 1 0 2.7 21.7l2.26-2.26C6.87 21.04 9.33 22 12 22c6.07 0 11-4.93 11-11V1c0-.55-.45-1-1-1m-1 11c0 4.96-4.04 9-9 9-2.12 0-4.07-.74-5.61-1.97L8.41 16H16c.55 0 1-.45 1-1s-.45-1-1-1h-5.59l6.29-6.29a.996.996 0 1 0-1.41-1.41L9 12.59V7c0-.55-.45-1-1-1s-1 .45-1 1v7.59l-2.03 2.03A9 9 0 0 1 3 11c0-4.96 4.04-9 9-9h9z"&gt;&lt;/path&gt;&lt;/symbol&gt;&lt;view id="icon-menu-power-view" viewBox="0 931 23 22"&gt;&lt;/view&gt;&lt;symbol id="icon-menu-system" viewBox="0 0 26 26"&gt;&lt;path d="M18 13c0 2.757-2.243 5-5 5s-5-2.243-5-5 2.243-5 5-5 5 2.243 5 5m-2 0c0-1.654-1.346-3-3-3s-3 1.346-3 3 1.346 3 3 3 3-1.346 3-3m9.245-2.958a1 1 0 0 1 .755.97V15a1 1 0 0 1-.758.97l-3.165.792 1.673 2.805a1 1 0 0 1-.152 1.22l-2.82 2.82a1 1 0 0 1-1.221.15l-2.799-1.679-.8 3.167a1 1 0 0 1-.97.755H11a1 1 0 0 1-.97-.758l-.792-3.165-2.805 1.673a1 1 0 0 1-1.22-.152l-2.82-2.82a1 1 0 0 1-.15-1.221l1.678-2.799-3.166-.8a1 1 0 0 1-.755-.97V11a1 1 0 0 1 .757-.97l3.166-.792L2.25 6.433a1 1 0 0 1 .152-1.22l2.82-2.82a1 1 0 0 1 1.221-.15l2.799 1.679.8-3.167a1 1 0 0 1 .97-.755H15a1 1 0 0 1 .97.757l.792 3.165 2.805-1.672a1 1 0 0 1 1.22.152l2.82 2.82a1 1 0 0 1 .15 1.221l-1.679 2.798zM24 11.79l-3.245-.821a1 1 0 0 1-.679-.587l-.221-.535a1 1 0 0 1 .066-.897l1.72-2.866-1.718-1.718-2.876 1.715a1 1 0 0 1-.895.065l-.535-.223a1 1 0 0 1-.587-.68L14.219 2H11.79l-.821 3.245a1 1 0 0 1-.587.679l-.535.222a1 1 0 0 1-.897-.066L6.084 4.36 4.367 6.077l1.714 2.875a1 1 0 0 1 .065.895l-.223.535a1 1 0 0 1-.68.588L2 11.78v2.43l3.245.82a1 1 0 0 1 .679.587l.222.535a1 1 0 0 1-.066.898l-1.72 2.866 1.717 1.717 2.875-1.714a1 1 0 0 1 .895-.065l.535.222a1 1 0 0 1 .588.682L11.78 24h2.43l.82-3.246a1 1 0 0 1 .587-.679l.535-.221c.293-.121.626-.097.898.066l2.866 1.72 1.717-1.718-1.714-2.876a1 1 0 0 1-.065-.895l.222-.535a1 1 0 0 1 .682-.587L24 14.218Z"&gt;&lt;/path&gt;&lt;/symbol&gt;&lt;view id="icon-menu-system-view" viewBox="0 953 26 26"&gt;&lt;/view&gt;&lt;symbol id="icon-menu-telephony" viewBox="0 0 26 24"&gt;&lt;path fill-rule="evenodd" d="M23 4H12c0-2.21-1.79-4-4-4S4 1.79 4 4H3C1.35 4 0 5.35 0 7v16c0 .55.45 1 1 1h24c.55 0 1-.45 1-1V7c0-1.65-1.35-3-3-3M6 4c0-1.1.9-2 2-2s2 .9 2 2v12c0 1.1-.9 2-2 2s-2-.9-2-2zm18 18H2V7c0-.55.45-1 1-1h1v10c0 2.21 1.79 4 4 4s4-1.79 4-4V6h11c.55 0 1 .45 1 1zm-2-11c0 .55-.45 1-1 1h-4c-.55 0-1-.45-1-1s.45-1 1-1h4c.55 0 1 .45 1 1m0 4c0 .55-.45 1-1 1h-4c-.55 0-1-.45-1-1s.45-1 1-1h4c.55 0 1 .45 1 1m0 4c0 .55-.45 1-1 1h-4c-.55 0-1-.45-1-1s.45-1 1-1h4c.55 0 1 .45 1 1"&gt;&lt;/path&gt;&lt;/symbol&gt;&lt;view id="icon-menu-telephony-view" viewBox="0 979 26 24"&gt;&lt;/view&gt;&lt;symbol id="icon-menu-wifi" viewBox="0 0 26 25"&gt;&lt;path fill-rule="evenodd" d="M3.81 5.22a.996.996 0 0 1 0-1.41c5.07-5.07 13.32-5.07 18.38 0a.996.996 0 1 1-1.41 1.41C16.49.93 9.51.93 5.22 5.22a.996.996 0 0 1-1.41 0m15.55 2.83a.996.996 0 0 0 0-1.41c-3.51-3.51-9.22-3.51-12.73 0a.996.996 0 1 0 1.41 1.41 7.007 7.007 0 0 1 9.9 0c.4.39 1.03.39 1.42 0m-9.9 1.41a.996.996 0 1 0 1.41 1.41c1.13-1.13 3.11-1.13 4.24 0a.996.996 0 1 0 1.41-1.41c-1.94-1.95-5.1-1.95-7.06 0M26 17v6c0 .55-.45 1-1 1H1c-.55 0-1-.45-1-1v-6c0-1.65 1.35-3 3-3h20c1.65 0 3 1.35 3 3m-2 0c0-.55-.45-1-1-1H3c-.55 0-1 .45-1 1v5h22zM9 18H5c-.55 0-1 .45-1 1s.45 1 1 1h4c.55 0 1-.45 1-1s-.45-1-1-1"&gt;&lt;/path&gt;&lt;/symbol&gt;&lt;view id="icon-menu-wifi-view" viewBox="0 1003 26 25"&gt;&lt;/view&gt;&lt;symbol id="icon-menu" viewBox="0 0 30 30"&gt;&lt;path d="M5 8c0-.55.45-1 1-1h18c.55 0 1 .45 1 1s-.45 1-1 1H6c-.55 0-1-.45-1-1m19 6H6c-.55 0-1 .45-1 1s.45 1 1 1h18c.55 0 1-.45 1-1s-.45-1-1-1m0 7H6c-.55 0-1 .45-1 1s.45 1 1 1h18c.55 0 1-.45 1-1s-.45-1-1-1"&gt;&lt;/path&gt;&lt;/symbol&gt;&lt;view id="icon-menu-view" viewBox="0 1028 30 30"&gt;&lt;/view&gt;&lt;symbol id="icon-missed-call" viewBox="0 0 27 27"&gt;&lt;g fill="#D12" fill-rule="evenodd"&gt;&lt;path fill-rule="nonzero" d="M24.028 9.727a.922.922 0 0 1-1.316 1.288L20 8.305l-2.726 2.723a.924.924 0 0 1-1.253-.048.926.926 0 0 1-.036-1.267l2.712-2.71-2.725-2.73a.922.922 0 0 1 1.316-1.288L20 5.701l2.726-2.722a.924.924 0 0 1 1.253.048c.342.34.363.887.036 1.267l-2.712 2.71z"&gt;&lt;/path&gt;&lt;path d="m3.475 1.302-1.94 1.94c-1.68 1.68-1.992 4.44-.882 7.77 1.027 3.093 3.185 6.381 6.07 9.265 2.883 2.885 6.172 5.043 9.263 6.07 3.33 1.11 6.09.798 7.77-.882l1.94-1.94a1.033 1.033 0 0 0 0-1.463l-6.224-6.225a1.033 1.033 0 0 0-1.463 0l-2.386 2.376-6.836-6.837L11.162 9a1.033 1.033 0 0 0 0-1.463L4.938 1.313a1.024 1.024 0 0 0-1.463-.01zm5.498 6.962-2.375 2.375a1.033 1.033 0 0 0 0 1.463l8.3 8.3a1.033 1.033 0 0 0 1.462 0l2.375-2.376 4.762 4.762-1.203 1.204c-1.08 1.079-3.133 1.213-5.644.383-2.79-.933-5.788-2.904-8.444-5.57s-4.638-5.665-5.571-8.446c-.84-2.51-.695-4.565.384-5.644l1.193-1.213z"&gt;&lt;/path&gt;&lt;/g&gt;&lt;/symbol&gt;&lt;view id="icon-missed-call-view" viewBox="0 1058 27 27"&gt;&lt;/view&gt;&lt;symbol id="icon-mobile_connect" viewBox="0 0 18 26"&gt;&lt;path fill-rule="evenodd" d="M15 0H3C1.35 0 0 1.35 0 3v20c0 1.65 1.35 3 3 3h12c1.65 0 3-1.35 3-3V3c0-1.65-1.35-3-3-3m1 23c0 .55-.45 1-1 1H3c-.55 0-1-.45-1-1V3c0-.55.45-1 1-1h12c.55 0 1 .45 1 1zM4 4h10v14H4zm8 17c0 .55-.45 1-1 1H7c-.55 0-1-.45-1-1s.45-1 1-1h4c.55 0 1 .45 1 1"&gt;&lt;/path&gt;&lt;/symbol&gt;&lt;view id="icon-mobile_connect-view" viewBox="0 1085 18 26"&gt;&lt;/view&gt;&lt;symbol id="icon-moon" viewBox="0 0 30 30"&gt;&lt;g&gt;&lt;path d="m12.643 2.214.006-.001-.008.008a13 13 0 0 1 3.378-.17 11 11 0 0 0-2.394 2.034l.01-.001a10.96 10.96 0 0 0-2.752 7.271c0 6.065 4.935 11 11 11q.693 0 1.365-.084l-.008.009a11 11 0 0 0 3.037-.839 13 13 0 0 1-2.04 2.69l.01-.002A12.96 12.96 0 0 1 15 28C7.832 28 2 22.168 2 15 2 9.002 6.082 3.94 11.614 2.447q.507-.137 1.029-.233M4 15c0 6.065 4.935 11 11 11a10.94 10.94 0 0 0 5.83-1.676h-.002l.016-.01c-6.684-.531-11.961-6.141-11.961-12.959 0-2.337.619-4.531 1.703-6.428l-.016.007.002-.003C6.705 6.638 4 10.509 4 15" style="fill:#333;transform-box:fill-box;transform-origin:50% 50%" transform="rotate(-10 0 0)"&gt;&lt;/path&gt;&lt;/g&gt;&lt;/symbol&gt;&lt;view id="icon-moon-view" viewBox="0 1111 30 30"&gt;&lt;/view&gt;&lt;symbol id="icon-navy-cross" viewBox="0 0 20 20"&gt;&lt;g fill="none" fill-rule="evenodd"&gt;&lt;path fill="#A7ABC3" d="M0 10c0 5.523 4.477 10 10 10s10-4.477 10-10S15.523 0 10 0 0 4.477 0 10"&gt;&lt;/path&gt;&lt;path fill="#FFF" d="m11.105 10 3.314 3.315a.781.781 0 0 1-1.104 1.104L10 11.105l-3.315 3.314a.781.781 0 1 1-1.104-1.104L8.895 10 5.581 6.685a.781.781 0 1 1 1.104-1.104L10 8.895l3.315-3.314a.781.781 0 0 1 1.104 1.104z"&gt;&lt;/path&gt;&lt;/g&gt;&lt;/symbol&gt;&lt;view id="icon-navy-cross-view" viewBox="0 1141 20 20"&gt;&lt;/view&gt;&lt;symbol id="icon-network" viewBox="0 0 26 26"&gt;&lt;path fill="#015" fill-rule="evenodd" d="M13 0C5.83 0 0 5.83 0 13s5.83 13 13 13 13-5.83 13-13S20.17 0 13 0m0 24c-1.69 0-3.51-2.32-4.42-6h8.84c-.91 3.68-2.73 6-4.42 6m-4.8-8c-.13-.94-.2-1.94-.2-3s.08-2.06.2-3h9.59c.13.94.2 1.94.2 3s-.08 2.06-.2 3zM2 13c0-1.04.15-2.04.43-3h3.76c-.12.96-.19 1.96-.19 3s.07 2.04.19 3H2.43c-.28-.96-.43-1.96-.43-3M13 2c1.69 0 3.51 2.32 4.42 6H8.58c.91-3.68 2.73-6 4.42-6m6.81 8h3.76c.27.96.43 1.96.43 3s-.15 2.04-.43 3h-3.76c.12-.96.19-1.96.19-3s-.07-2.04-.19-3m2.98-2h-3.31c-.43-1.98-1.11-3.69-1.98-5.03C19.78 4 21.65 5.78 22.79 8M8.5 2.97C7.63 4.31 6.95 6.02 6.52 8H3.21C4.35 5.78 6.22 4 8.5 2.97M3.21 18h3.31c.43 1.98 1.11 3.69 1.98 5.03A11.1 11.1 0 0 1 3.21 18m14.29 5.03c.86-1.33 1.55-3.05 1.98-5.03h3.31c-1.14 2.22-3.01 4-5.29 5.03"&gt;&lt;/path&gt;&lt;/symbol&gt;&lt;view id="icon-network-view" viewBox="0 1161 26 26"&gt;&lt;/view&gt;&lt;symbol id="icon-old-dect" viewBox="0 0 26 26"&gt;&lt;path fill="none" stroke="#015" stroke-linecap="round" stroke-linejoin="round" stroke-width="2" d="M2.204 14.031H1.008V25H25v-9a2 2 0 0 0-2-2h-3.068" class="stroke"&gt;&lt;/path&gt;&lt;path fill="#015" fill-rule="evenodd" d="M21 17a1 1 0 1 1 0 2 1 1 0 0 1 0-2M15 0c1.65 0 3 1.35 3 3v17c0 1.65-1.35 3-3 3H7c-1.65 0-3-1.35-3-3V3c0-1.65 1.35-3 3-3Zm1 20V3c0-.55-.45-1-1-1H7c-.55 0-1 .45-1 1v17c0 .55.45 1 1 1h8c.55 0 1-.45 1-1M14 4v8H8V4ZM9 17a1 1 0 1 1 0 2 1 1 0 0 1 0-2m4 0a1 1 0 1 1 0 2 1 1 0 0 1 0-2m-4-3a1 1 0 1 1 0 2 1 1 0 0 1 0-2m4 0a1 1 0 1 1 0 2 1 1 0 0 1 0-2"&gt;&lt;/path&gt;&lt;/symbol&gt;&lt;view id="icon-old-dect-view" viewBox="0 1187 26 26"&gt;&lt;/view&gt;&lt;symbol id="icon-outgoing-call" viewBox="0 0 27 27"&gt;&lt;g fill="#1781E3" fill-rule="evenodd"&gt;&lt;path d="M25.066 8.654V2.998A.996.996 0 0 0 24.067 2h-5.655a.996.996 0 1 0 0 1.994l3.245-.007-5.365 5.366a1.003 1.003 0 0 0 0 1.414 1.003 1.003 0 0 0 1.414 0l5.366-5.366V8.64a1 1 0 0 0 .997 1.01.996.996 0 0 0 .997-.996M3.475 1.302l-1.94 1.94c-1.68 1.68-1.992 4.44-.882 7.77 1.027 3.092 3.185 6.38 6.07 9.264 2.883 2.885 6.172 5.042 9.263 6.07 3.33 1.11 6.09.798 7.77-.882l1.94-1.94a1.033 1.033 0 0 0 0-1.463l-6.224-6.225a1.033 1.033 0 0 0-1.463 0l-2.386 2.376-6.836-6.837L11.162 9a1.033 1.033 0 0 0 0-1.463L4.938 1.313a1.024 1.024 0 0 0-1.463-.01zm5.498 6.961L6.598 10.64a1.033 1.033 0 0 0 0 1.463l8.3 8.299a1.033 1.033 0 0 0 1.462 0l2.375-2.376 4.762 4.762-1.203 1.203c-1.08 1.08-3.133 1.214-5.644.384-2.79-.933-5.788-2.904-8.444-5.57S3.568 13.14 2.635 10.36c-.84-2.51-.695-4.565.384-5.644l1.193-1.214z"&gt;&lt;/path&gt;&lt;/g&gt;&lt;/symbol&gt;&lt;view id="icon-outgoing-call-view" viewBox="0 1213 27 27"&gt;&lt;/view&gt;&lt;symbol id="icon-overview-bonding-5g" viewBox="0 0 30 30"&gt;&lt;path d="M24 24h1a1 1 0 0 0 1-1V3a1 1 0 0 0-1-1H10a1 1 0 0 0-1 1v.99H7V3a3 3 0 0 1 3-3h15a3 3 0 0 1 3 3v20a3 3 0 0 1-3 3h-1v1l-.002.111v-4.593H24Zm-.858 5.101" class="ib-back" style="fill:#015"&gt;&lt;/path&gt;&lt;path d="M21 6H6a1 1 0 0 0-1 1v20a1 1 0 0 0 1 1h15a1 1 0 0 0 1-1V7a1 1 0 0 0-1-1m0 24H6a3 3 0 0 1-3-3V7a3 3 0 0 1 3-3h1v-.01h2V4h12a3 3 0 0 1 3 3v15.518h-.002v4.593A3 3 0 0 1 21 30" class="ib-front" style="fill:#015"&gt;&lt;/path&gt;&lt;path d="M11.89 13.19v1.804H8.837v1.248h.353q.732 0 1.306.171.573.17.965.485.39.316.593.751.201.435.201.965 0 .668-.271 1.211a2.7 2.7 0 0 1-.757.92 3.6 3.6 0 0 1-1.173.587 5.2 5.2 0 0 1-1.519.208 8 8 0 0 1-.858-.044 6 6 0 0 1-.757-.133v-1.715q.391.114.788.177t.94.063q.707 0 1.091-.29a.94.94 0 0 0 .385-.795.87.87 0 0 0-.448-.795q-.449-.264-1.242-.265-.417 0-.782.032t-.656.069V13.19zm5.679-.216q.676 0 1.297.099.621.098 1.101.246l-.381 1.746-.232-.081a6 6 0 0 0-.746-.195 5.7 5.7 0 0 0-1.125-.105q-1.194 0-1.87.695t-.677 1.925q0 1.156.597 1.827.597.67 1.765.67.455 0 .787-.111v-2.718h1.919v4.022l-.251.095q-.513.18-1.108.299a8 8 0 0 1-1.556.147q-1.008 0-1.796-.283a3.6 3.6 0 0 1-1.322-.811 3.5 3.5 0 0 1-.818-1.286q-.283-.756-.283-1.703 0-.997.326-1.821a4 4 0 0 1 .935-1.414q.609-.59 1.482-.917.873-.326 1.956-.326" class="ib-5g" style="fill:#015"&gt;&lt;/path&gt;&lt;/symbol&gt;&lt;view id="icon-overview-bonding-5g-view" viewBox="0 1240 30 30"&gt;&lt;/view&gt;&lt;symbol class="icon" id="icon-overview-bonding-unrecognized" viewBox="0 0 40 40"&gt;&lt;g fill="#015" fill-rule="evenodd"&gt;&lt;path d="M33 3H13s-1 0-1 1v1H9V4a4 4 0 0 1 4-4h20a4 4 0 0 1 4 4v26a4 4 0 0 1-4 4h-1v-3h1s1 0 1-1V4c0-1-1-1-1-1" class="ib-back"&gt;&lt;/path&gt;&lt;path d="M8 8a1 1 0 0 0-1 1v26a1 1 0 0 0 1 1h20a1 1 0 0 0 1-1V9a1 1 0 0 0-1-1zm0-3h20a4 4 0 0 1 4 4v26a4 4 0 0 1-4 4H8a4 4 0 0 1-4-4V9a4 4 0 0 1 4-4" class="ib-front"&gt;&lt;/path&gt;&lt;/g&gt;&lt;/symbol&gt;&lt;view class="icon" id="icon-overview-bonding-unrecognized-view" viewBox="0 1270 40 40"&gt;&lt;/view&gt;&lt;symbol class="icon" id="icon-overview-bonding" viewBox="0 0 40 40"&gt;&lt;g fill="#015" fill-rule="evenodd"&gt;&lt;path d="M33 3H13s-1 0-1 1v1H9V4a4 4 0 0 1 4-4h20a4 4 0 0 1 4 4v26a4 4 0 0 1-4 4h-1v-3h1s1 0 1-1V4c0-1-1-1-1-1" class="ib-back"&gt;&lt;/path&gt;&lt;path d="M8 8a1 1 0 0 0-1 1v26a1 1 0 0 0 1 1h20a1 1 0 0 0 1-1V9a1 1 0 0 0-1-1zm0-3h20a4 4 0 0 1 4 4v26a4 4 0 0 1-4 4H8a4 4 0 0 1-4-4V9a4 4 0 0 1 4-4" class="ib-front"&gt;&lt;/path&gt;&lt;path fill-rule="nonzero" d="M24.392 21.603H27v5.638c-1.104.466-2.51.759-3.966.759-2.518 0-4.211-.954-5.073-2.584h-2.734l-.43 2.39h-2.576l.43-2.39H8l.168-2.317 5.163-6.797h3.603l-1.257 6.69h1.641a8 8 0 0 1-.022-.595c0-3.88 2.277-6.397 6.394-6.397a11.2 11.2 0 0 1 3.264.483l-.52 2.448a7.7 7.7 0 0 0-2.863-.534c-2.442 0-3.462 1.6-3.462 3.672 0 2.157 1.072 3.501 3.213 3.501a3.4 3.4 0 0 0 1.072-.157v-3.809zm-11.23 1.39.743-3.965h-.018l-3.043 4c.583-.036 1.872-.036 2.32-.036z" class="ib-4g"&gt;&lt;/path&gt;&lt;/g&gt;&lt;/symbol&gt;&lt;view class="icon" id="icon-overview-bonding-view" viewBox="0 1310 40 40"&gt;&lt;/view&gt;&lt;symbol id="icon-overview-internet" viewBox="0 0 39 39"&gt;&lt;path fill="#015" fill-rule="evenodd" d="M19.5 0C8.745 0 0 8.745 0 19.5S8.745 39 19.5 39 39 30.255 39 19.5 30.255 0 19.5 0m0 36c-2.535 0-5.265-3.48-6.63-9h13.26c-1.365 5.52-4.095 9-6.63 9m-7.2-12a33 33 0 0 1-.3-4.5c0-1.59.12-3.09.3-4.5h14.385c.195 1.41.3 2.91.3 4.5s-.12 3.09-.3 4.5zM3 19.5c0-1.56.225-3.06.645-4.5h5.64A36 36 0 0 0 9 19.5c0 1.56.105 3.06.285 4.5h-5.64C3.225 22.56 3 21.06 3 19.5M19.5 3c2.535 0 5.265 3.48 6.63 9H12.87c1.365-5.52 4.095-9 6.63-9m10.215 12h5.64c.405 1.44.645 2.94.645 4.5s-.225 3.06-.645 4.5h-5.64c.18-1.44.285-2.94.285-4.5s-.105-3.06-.285-4.5m4.47-3H29.22c-.645-2.97-1.665-5.535-2.97-7.545A16.63 16.63 0 0 1 34.185 12M12.75 4.455C11.445 6.465 10.425 9.03 9.78 12H4.815c1.71-3.33 4.515-6 7.935-7.545M4.815 27H9.78c.645 2.97 1.665 5.535 2.97 7.545A16.63 16.63 0 0 1 4.815 27m21.435 7.545c1.29-1.995 2.325-4.575 2.97-7.545h4.965a16.63 16.63 0 0 1-7.935 7.545"&gt;&lt;/path&gt;&lt;/symbol&gt;&lt;view id="icon-overview-internet-view" viewBox="0 1350 39 39"&gt;&lt;/view&gt;&lt;symbol id="icon-overview-phones" viewBox="0 0 26 26"&gt;&lt;path fill="#015" fill-rule="evenodd" d="m25.71 4.29-1.87-1.87C22.22.8 19.56.5 16.35 1.57c-2.98.99-6.15 3.07-8.93 5.85s-4.86 5.95-5.85 8.93c-1.07 3.21-.77 5.87.85 7.49l1.87 1.87c.39.39 1.02.39 1.41 0l6-6a.996.996 0 0 0 0-1.41L9.41 16 16 9.41l2.29 2.29c.39.39 1.02.39 1.41 0l6-6c.4-.38.4-1.02.01-1.41M19 9.59 16.71 7.3a.996.996 0 0 0-1.41 0l-8 8a.996.996 0 0 0 0 1.41L9.59 19 5 23.59l-1.16-1.16c-1.04-1.04-1.17-3.02-.37-5.44.9-2.69 2.8-5.58 5.37-8.14s5.46-4.47 8.14-5.37c2.42-.81 4.4-.67 5.44.37L23.59 5z"&gt;&lt;/path&gt;&lt;/symbol&gt;&lt;view id="icon-overview-phones-view" viewBox="0 1389 26 26"&gt;&lt;/view&gt;&lt;symbol id="icon-overview-stargatev2" viewBox="0 0 39 39"&gt;&lt;path fill="#015" d="M11 4v32h17V4a1 1 0 0 0-1-1H12a1 1 0 0 0-1 1m20-1v35a1 1 0 0 1-1 1H9a1 1 0 0 1-1-1V3a3 3 0 0 1 3-3h17a3 3 0 0 1 3 3M18 23.5c0 .825.675 1.5 1.5 1.5s1.5-.675 1.5-1.5-.675-1.5-1.5-1.5-1.5.675-1.5 1.5m0 6c0 .825.675 1.5 1.5 1.5s1.5-.675 1.5-1.5-.675-1.5-1.5-1.5-1.5.675-1.5 1.5"&gt;&lt;/path&gt;&lt;/symbol&gt;&lt;view id="icon-overview-stargatev2-view" viewBox="0 1415 39 39"&gt;&lt;/view&gt;&lt;symbol id="icon-overview-stargatev3" viewBox="0 0 39 39"&gt;&lt;path d="M7.945 36.016H13V3a3 3 0 0 1 3-3h7c1.7 0 3 1.3 3 3v33.016h5.006c.813 0 1.472.659 1.472 1.472V39H6.473v-1.512c0-.813.659-1.472 1.472-1.472M21.007 29.5c0 .812-.675 1.471-1.508 1.471s-1.508-.659-1.508-1.471.675-1.471 1.508-1.471 1.508.658 1.508 1.471M16 4v32h7V4c0-.6-.4-1-1-1h-5a1 1 0 0 0-1 1" style="fill:#015"&gt;&lt;/path&gt;&lt;/symbol&gt;&lt;view id="icon-overview-stargatev3-view" viewBox="0 1454 39 39"&gt;&lt;/view&gt;&lt;symbol id="icon-overview-stargatev4" viewBox="0 0 39 39"&gt;&lt;path d="M7.945 36.016H13V3a3 3 0 0 1 3-3h7c1.7 0 3 1.3 3 3v33.016h5.006c.813 0 1.472.659 1.472 1.472V39H6.473v-1.512c0-.813.659-1.472 1.472-1.472M21.007 29.5c0 .812-.675 1.471-1.508 1.471s-1.508-.659-1.508-1.471.675-1.471 1.508-1.471 1.508.658 1.508 1.471M16 4v32h7V4c0-.6-.4-1-1-1h-5a1 1 0 0 0-1 1" style="fill:#015"&gt;&lt;/path&gt;&lt;/symbol&gt;&lt;view id="icon-overview-stargatev4-view" viewBox="0 1493 39 39"&gt;&lt;/view&gt;&lt;symbol id="icon-overview-stargatev5" viewBox="0 0 39 39"&gt;&lt;path d="M20.3 32.475a.99.99 0 0 1-1 .976c-.552 0-1-.437-1-.976a.99.99 0 0 1 1-.975c.552 0 1 .436 1 .975m6.033 3.541c.813 0 1.472.659 1.472 1.472V39H10.883v-1.512c0-.79.622-1.434 1.403-1.47v-.002h1.555V3a3 3 0 0 1 3-3h4.961c1.7 0 3 1.3 3 3v33.016ZM21.802 36V4c0-.6-.4-1-1-1h-3.063v.005a1 1 0 0 0-.898.995v32Z" style="fill:#015"&gt;&lt;/path&gt;&lt;/symbol&gt;&lt;view id="icon-overview-stargatev5-view" viewBox="0 1532 39 39"&gt;&lt;/view&gt;&lt;symbol id="icon-overview-stargatev5pro" viewBox="10.9 0 39 39"&gt;&lt;path d="M37.74 39h-14V3a3 3 0 0 1 3-3h8a3 3 0 0 1 3 3Zm-11-35v32h8V4a1 1 0 0 0-1-1h-6a1 1 0 0 0-1 1m5.36 28.463c0 .808-.672 1.464-1.5 1.464s-1.5-.656-1.5-1.464c0-.809.672-1.463 1.5-1.463s1.5.654 1.5 1.463" style="fill:#015"&gt;&lt;/path&gt;&lt;/symbol&gt;&lt;view id="icon-overview-stargatev5pro-view" viewBox="0 1571 39 39"&gt;&lt;/view&gt;&lt;symbol id="icon-overview-status-error" viewBox="0 0 20 20"&gt;&lt;g fill="none" fill-rule="evenodd"&gt;&lt;path fill="#D12" d="M0 10c0 5.523 4.477 10 10 10s10-4.477 10-10S15.523 0 10 0 0 4.477 0 10"&gt;&lt;/path&gt;&lt;path fill="#FFF" d="M11.25 13.75c0 .688-.563 1.25-1.25 1.25s-1.25-.563-1.25-1.25.563-1.25 1.25-1.25 1.25.563 1.25 1.25M8.75 5h2.5v2.5l-.625 3.75h-1.25L8.75 7.5z"&gt;&lt;/path&gt;&lt;/g&gt;&lt;/symbol&gt;&lt;view id="icon-overview-status-error-view" viewBox="0 1610 20 20"&gt;&lt;/view&gt;&lt;symbol id="icon-overview-status-ok" viewBox="0 0 20 20"&gt;&lt;g fill="none" fill-rule="evenodd"&gt;&lt;path fill="#25B252" d="M0 10c0 5.523 4.477 10 10 10s10-4.477 10-10S15.523 0 10 0 0 4.477 0 10"&gt;&lt;/path&gt;&lt;path fill="#FFF" d="m8.903 14.734-3.637-3.637a.905.905 0 1 1 1.282-1.282l2.782 2.782 3.964-7.128c.246-.436.8-.6 1.237-.355.436.246.6.8.355 1.237l-4.547 8.183a.915.915 0 0 1-1.437.2z"&gt;&lt;/path&gt;&lt;/g&gt;&lt;/symbol&gt;&lt;view id="icon-overview-status-ok-view" viewBox="0 1630 20 20"&gt;&lt;/view&gt;&lt;symbol id="icon-overview-usb" viewBox="0 0 39 39"&gt;&lt;g fill="none" fill-rule="evenodd"&gt;&lt;circle cx="15" cy="28" r="3" fill="#015"&gt;&lt;/circle&gt;&lt;circle cx="35" cy="20" r="4" fill="#015"&gt;&lt;/circle&gt;&lt;path fill="#015" d="M2 19h30v2H2zM8 9h6v6H8z"&gt;&lt;/path&gt;&lt;path stroke="#015" stroke-width="2" d="M33.49 20h-6.85a5 5 0 0 1-3.811-1.765l-3.795-4.47A5 5 0 0 0 15.222 12H10m24.49 8h-2.85a5 5 0 0 0-3.811 1.765l-3.795 4.47A5 5 0 0 1 20.222 28H14"&gt;&lt;/path&gt;&lt;path fill="#015" d="M4.146 15.854.354 19.646a.5.5 0 0 0 0 .708l3.792 3.792A.5.5 0 0 0 5 23.793v-7.586a.5.5 0 0 0-.854-.353"&gt;&lt;/path&gt;&lt;/g&gt;&lt;/symbol&gt;&lt;view id="icon-overview-usb-view" viewBox="0 1650 39 39"&gt;&lt;/view&gt;&lt;symbol id="icon-overview-wired" viewBox="0 0 39 39"&gt;&lt;g fill="none" fill-rule="evenodd"&gt;&lt;path fill="#015" fill-rule="nonzero" d="m38.56 20.56-7.5 7.5a1.5 1.5 0 0 1-2.12-2.12l6.439-6.44-6.44-6.44a1.5 1.5 0 0 1 2.122-2.12l7.5 7.5a1.5 1.5 0 0 1 0 2.12zm-38.12 0a1.5 1.5 0 0 1 0-2.12l7.5-7.5a1.5 1.5 0 0 1 2.12 2.12L3.622 19.5l6.44 6.44a1.5 1.5 0 0 1-2.122 2.12zM13.5 21a1.5 1.5 0 1 1 0-3 1.5 1.5 0 0 1 0 3m6 0a1.5 1.5 0 1 1 0-3 1.5 1.5 0 0 1 0 3m6 0a1.5 1.5 0 1 1 0-3 1.5 1.5 0 0 1 0 3"&gt;&lt;/path&gt;&lt;/g&gt;&lt;/symbol&gt;&lt;view id="icon-overview-wired-view" viewBox="0 1689 39 39"&gt;&lt;/view&gt;&lt;symbol id="icon-overview-wlan" viewBox="0 0 39 39"&gt;&lt;path fill="#015" fill-rule="evenodd" d="M19.5 14.854c-4.267 0-8.312 1.378-11.72 4a1.47 1.47 0 0 0-.267 2.075l3.6 4.698c.238.31.593.518.979.563.385.059.785-.06 1.096-.297 3.66-2.815 8.95-2.815 12.61 0 .266.193.577.311.903.311.06 0 .133 0 .193-.014.385-.045.74-.252.978-.563l3.6-4.698a1.48 1.48 0 0 0-.267-2.074 18.97 18.97 0 0 0-11.705-4zm6.89 7.853a13.2 13.2 0 0 0-6.89-1.926c-2.46 0-4.816.667-6.89 1.926l-1.808-2.356a16.1 16.1 0 0 1 8.698-2.533 16.1 16.1 0 0 1 8.698 2.533zM38.42 9.46C32.924 5.237 26.39 3 19.5 3S6.076 5.237.579 9.46a1.47 1.47 0 0 0-.267 2.075l3.6 4.697c.238.311.593.519.978.563.386.045.786-.06 1.097-.296C9.913 13.49 14.58 11.89 19.5 11.89s9.587 1.6 13.513 4.608c.267.192.578.311.904.311.06 0 .133 0 .193-.015.385-.044.74-.252.977-.563l3.601-4.697a1.47 1.47 0 0 0-.267-2.075zm-4.8 3.823A24.87 24.87 0 0 0 19.5 8.927a24.87 24.87 0 0 0-14.12 4.356l-1.808-2.356C8.284 7.682 13.766 5.964 19.5 5.964s11.216 1.718 15.928 4.963zM19.5 26.708c-2.445 0-4.445 2-4.445 4.445s2 4.446 4.445 4.446 4.445-2 4.445-4.446c0-2.444-2-4.445-4.445-4.445m0 5.927a1.486 1.486 0 0 1-1.482-1.482c0-.814.667-1.481 1.482-1.481s1.482.667 1.482 1.481-.667 1.482-1.482 1.482"&gt;&lt;/path&gt;&lt;/symbol&gt;&lt;view id="icon-overview-wlan-view" viewBox="0 1728 39 39"&gt;&lt;/view&gt;&lt;symbol id="icon-parental-control" viewBox="0 0 22 27"&gt;&lt;path fill-rule="evenodd" d="M22 8v18c0 .55-.45 1-1 1s-1-.45-1-1V8.57l-9-5.4-9 5.4V26c0 .55-.45 1-1 1s-1-.45-1-1V8c0-.35.18-.68.49-.86l10-6c.32-.19.71-.19 1.03 0l10 6c.3.18.48.51.48.86m-5.05 13.68a1 1 0 0 1-.14.9c-.19.27-.49.42-.81.42h-1.22l-.81 3.24c-.11.45-.51.76-.97.76H9c-.46 0-.86-.31-.97-.76L7.22 23H6c-.32 0-.62-.15-.81-.42a1 1 0 0 1-.14-.9l2-6c.14-.4.52-.68.95-.68h6c.43 0 .81.28.95.68zM12.72 23H9.28l.5 2h2.44zm1.89-2-1.33-4H8.72l-1.33 4zm-8.32-9.71 1.21-1.21c0-.03-.01-.05-.01-.08 0-1.93 1.57-3.5 3.5-3.5s3.5 1.57 3.5 3.5c0 .03-.01.05-.01.08l1.21 1.21a.996.996 0 1 1-1.41 1.41l-.55-.55c-.63.82-1.62 1.35-2.73 1.35s-2.1-.53-2.74-1.35l-.55.55a.996.996 0 0 1-1.41 0 .987.987 0 0 1-.01-1.41M9.5 10c0 .83.67 1.5 1.5 1.5s1.5-.67 1.5-1.5-.67-1.5-1.5-1.5-1.5.67-1.5 1.5"&gt;&lt;/path&gt;&lt;/symbol&gt;&lt;view id="icon-parental-control-view" viewBox="0 1767 22 27"&gt;&lt;/view&gt;&lt;symbol id="icon-phone-basic" viewBox="0 0 26 26"&gt;&lt;g fill="#015" fill-rule="evenodd"&gt;&lt;path fill-rule="nonzero" d="M24 24v-8a1 1 0 0 0-1-1h-2a1 1 0 0 1 0-2h2a3 3 0 0 1 3 3v9a1 1 0 0 1-1 1H1a1 1 0 0 1-1-1v-9a3 3 0 0 1 3-3 1 1 0 0 1 0 2 1 1 0 0 0-1 1l.008 8z"&gt;&lt;/path&gt;&lt;path d="M8 0C6.35 0 5 1.35 5 3v17c0 1.65 1.35 3 3 3h8c1.65 0 3-1.35 3-3V3c0-1.65-1.35-3-3-3zm8 21H8c-.55 0-1-.45-1-1V3c0-.55.45-1 1-1h8c.55 0 1 .45 1 1v17c0 .55-.45 1-1 1M15 4v8H9V4zm-5 13a1 1 0 1 1 0 2 1 1 0 0 1 0-2m4 0a1 1 0 1 1 0 2 1 1 0 0 1 0-2m-4-3a1 1 0 1 1 0 2 1 1 0 0 1 0-2m4 0a1 1 0 1 1 0 2 1 1 0 0 1 0-2"&gt;&lt;/path&gt;&lt;rect width="2" height="2" x="20" y="17" rx="1"&gt;&lt;/rect&gt;&lt;/g&gt;&lt;/symbol&gt;&lt;view id="icon-phone-basic-view" viewBox="0 1794 26 26"&gt;&lt;/view&gt;&lt;symbol id="icon-phone-sip" viewBox="0 0 20 24"&gt;&lt;path fill="#015" fill-rule="evenodd" d="M17 4h-5c0-2.21-1.79-4-4-4S4 1.79 4 4H3C1.35 4 0 5.35 0 7v16c0 .55.45 1 1 1h18c.55 0 1-.45 1-1V7c0-1.65-1.35-3-3-3M6 4c0-1.1.9-2 2-2s2 .9 2 2v12c0 1.1-.9 2-2 2s-2-.9-2-2zm12 18H2V7c0-.55.45-1 1-1h1v10c0 2.21 1.79 4 4 4s4-1.79 4-4V6h5c.55 0 1 .45 1 1zm-2-5v2c0 .55-.45 1-1 1s-1-.45-1-1v-2c0-.55.45-1 1-1s1 .45 1 1"&gt;&lt;/path&gt;&lt;/symbol&gt;&lt;view id="icon-phone-sip-view" viewBox="0 1820 20 24"&gt;&lt;/view&gt;&lt;symbol id="icon-prioritization" viewBox="0 0 26 26"&gt;&lt;g fill="none" fill-rule="evenodd"&gt;&lt;path d="M2.242 13 13 23.758 23.758 13 13 2.242zM13 26a.93.93 0 0 1-.656-.272L.272 13.657a.93.93 0 0 1 0-1.313L12.344.272a.93.93 0 0 1 1.312 0l12.072 12.072a.93.93 0 0 1 0 1.313l-12.072 12.07A.93.93 0 0 1 13 26m-.657-19.228a.923.923 0 0 1 1.309 0l3.714 3.714a.924.924 0 0 1 0 1.31.93.93 0 0 1-1.319-.01L13.921 9.66v8.906a.93.93 0 0 1-.929.929.93.93 0 0 1-.928-.929V9.659l-2.126 2.137a.925.925 0 1 1-1.309-1.31z"&gt;&lt;/path&gt;&lt;/g&gt;&lt;/symbol&gt;&lt;view id="icon-prioritization-view" viewBox="0 1844 26 26"&gt;&lt;/view&gt;&lt;symbol id="icon-qr-code" viewBox="0 0 20 20"&gt;&lt;path d="M3.077 13.846h3.076v3.077H3.077Zm0-10.769h3.076v3.077H3.077Zm10.768 0h3.077v3.077h-3.077Zm3.077 14.615h-3.077v-1.538a.77.77 0 0 1 1.539 0h1.538a.77.77 0 0 1 0 1.538m0-3.077h-.769a.769.769 0 1 1 0-1.538h.769a.77.77 0 0 1 0 1.538m-5.384 3.847a.77.77 0 0 1-.769-.77v-4.615h2.307a.77.77 0 0 1 0 1.538h-.769v3.077a.77.77 0 0 1-.769.77M19.23 20h-5.385a.77.77 0 0 1 0-1.538h5.385a.769.769 0 1 1 0 1.538m0-3.077a.77.77 0 0 1-.77-.769v-.769a.77.77 0 1 1 1.539 0v.769a.77.77 0 0 1-.769.769m0-3.846a.77.77 0 0 1-.77-.769h-3.076a.769.769 0 1 1 0-1.539h4.615v1.539a.77.77 0 0 1-.769.769m-6.923-.769h-.769a.77.77 0 0 1 0-1.539h.769a.77.77 0 0 1 0 1.539M7.692 9.231H0V0h9.23v7.692c0 .85-.688 1.539-1.538 1.539M1.538 7.692h6.154V1.538H1.538ZM9.23 20H0v-9.231h7.692c.85 0 1.538.689 1.538 1.539Zm-7.692-1.538h6.154v-6.154H1.538Zm18.461-9.231h-7.692c-.85 0-1.538-.689-1.538-1.539V0h9.23Zm-7.692-7.693v6.154h6.153V1.538Z" style="fill:#333;opacity:.7"&gt;&lt;/path&gt;&lt;/symbol&gt;&lt;view id="icon-qr-code-view" viewBox="0 1870 20 20"&gt;&lt;/view&gt;&lt;symbol id="icon-rewind" viewBox="0 0 30 30"&gt;&lt;path d="M14 24a1 1 0 0 1-.707-.293l-8-8a1 1 0 0 1 0-1.414l8-8a1 1 0 1 1 1.414 1.414L7.414 15l7.293 7.293A1 1 0 0 1 14 24" class="st2" style="fill:#015"&gt;&lt;/path&gt;&lt;path d="M24 24a1 1 0 0 1-.707-.293l-8-8a1 1 0 0 1 0-1.414l8-8a1 1 0 1 1 1.414 1.414L17.414 15l7.293 7.293A1 1 0 0 1 24 24" class="st2" style="fill:#015"&gt;&lt;/path&gt;&lt;/symbol&gt;&lt;view id="icon-rewind-view" viewBox="0 1890 30 30"&gt;&lt;/view&gt;&lt;symbol id="icon-scheduler-half-triangle" viewBox="0 0 10 11"&gt;&lt;path fill="#70911B" fill-rule="evenodd" d="M5.447 1.048 10 10.154H0l4.553-9.106a.5.5 0 0 1 .894 0"&gt;&lt;/path&gt;&lt;/symbol&gt;&lt;view id="icon-scheduler-half-triangle-view" viewBox="0 1920 10 11"&gt;&lt;/view&gt;&lt;symbol id="icon-scheduler-left-triangle" viewBox="0 0 9 10"&gt;&lt;path fill="#759126" fill-rule="evenodd" d="M0 9.154V.9A.75.75 0 0 1 .753.154c.2 0 .39.079.532.219L9 9.153z"&gt;&lt;/path&gt;&lt;/symbol&gt;&lt;view id="icon-scheduler-left-triangle-view" viewBox="0 1931 9 10"&gt;&lt;/view&gt;&lt;symbol id="icon-scheduler-right-triangle" viewBox="0 0 9 10"&gt;&lt;path fill="#759126" fill-rule="evenodd" d="M9 9.154V.9a.75.75 0 0 0-.753-.747c-.2 0-.39.079-.532.219L0 9.153z"&gt;&lt;/path&gt;&lt;/symbol&gt;&lt;view id="icon-scheduler-right-triangle-view" viewBox="0 1941 9 10"&gt;&lt;/view&gt;&lt;symbol id="icon-scheduler-time-indicator-down" viewBox="-0.097 0 7.099 6.107"&gt;&lt;g fill="#D12" fill-rule="evenodd"&gt;&lt;path d="M6.875 1.23 4.091 5.66c-.225.357-.671.447-.997.202a.8.8 0 0 1-.185-.202L.127 1.23C-.097.871-.014.383.312.137A.67.67 0 0 1 .718 0h5.566c.397 0 .717.351.717.785a.83.83 0 0 1-.126.444Z"&gt;&lt;/path&gt;&lt;/g&gt;&lt;/symbol&gt;&lt;view id="icon-scheduler-time-indicator-down-view" viewBox="0 1951 7 34"&gt;&lt;/view&gt;&lt;symbol id="icon-scheduler-time-indicator" viewBox="0 0 7 34"&gt;&lt;g fill="#D12" fill-rule="evenodd"&gt;&lt;path d="M3 4h1v27H3z"&gt;&lt;/path&gt;&lt;path d="M6.874 32.77 4.09 28.34c-.225-.357-.671-.447-.997-.202a.8.8 0 0 0-.185.202L.126 32.77c-.224.358-.141.846.185 1.092.12.09.26.138.406.138h5.566c.396 0 .717-.351.717-.785a.84.84 0 0 0-.126-.444zm0-31.54L4.09 5.66c-.225.357-.671.447-.997.202a.8.8 0 0 1-.185-.202L.126 1.23C-.098.871-.015.383.311.137A.67.67 0 0 1 .717 0h5.566C6.68 0 7 .351 7 .785a.84.84 0 0 1-.126.444z"&gt;&lt;/path&gt;&lt;/g&gt;&lt;/symbol&gt;&lt;view id="icon-scheduler-time-indicator-view" viewBox="0 1985 7 34"&gt;&lt;/view&gt;&lt;symbol id="icon-scheduler" viewBox="0 0 26 26"&gt;&lt;path fill="#333" fill-rule="evenodd" d="M13 0C5.83 0 0 5.83 0 13s5.83 13 13 13 13-5.83 13-13S20.17 0 13 0m0 24C6.93 24 2 19.07 2 13S6.93 2 13 2s11 4.93 11 11-4.93 11-11 11m1-18v8c0 .27-.11.52-.29.71l-4 4A.996.996 0 1 1 8.3 17.3l3.7-3.71V6c0-.55.45-1 1-1s1 .45 1 1" opacity=".7"&gt;&lt;/path&gt;&lt;/symbol&gt;&lt;view id="icon-scheduler-view" viewBox="0 2019 26 26"&gt;&lt;/view&gt;&lt;symbol id="icon-search" viewBox="0 0 23 23"&gt;&lt;path fill-rule="evenodd" d="M1.29 20.29c-.39.39-.39 1.03 0 1.42s1.02.39 1.41 0l5.68-5.68A9 9 0 0 0 14 18c4.96 0 9-4.04 9-9s-4.04-9-9-9-9 4.04-9 9c0 2.12.74 4.07 1.97 5.61zM14 16c-3.86 0-7-3.14-7-7s3.14-7 7-7 7 3.14 7 7-3.14 7-7 7"&gt;&lt;/path&gt;&lt;/symbol&gt;&lt;view id="icon-search-view" viewBox="0 2045 23 23"&gt;&lt;/view&gt;&lt;symbol id="icon-smartphone" viewBox="0 0 18 26"&gt;&lt;path fill="#015" fill-rule="evenodd" d="M15 0H3C1.35 0 0 1.35 0 3v20c0 1.65 1.35 3 3 3h12c1.65 0 3-1.35 3-3V3c0-1.65-1.35-3-3-3m1 23c0 .55-.45 1-1 1H3c-.55 0-1-.45-1-1V3c0-.55.45-1 1-1h12c.55 0 1 .45 1 1zM4 4h10v14H4zm8 17c0 .55-.45 1-1 1H7c-.55 0-1-.45-1-1s.45-1 1-1h4c.55 0 1 .45 1 1"&gt;&lt;/path&gt;&lt;/symbol&gt;&lt;view id="icon-smartphone-view" viewBox="0 2068 18 26"&gt;&lt;/view&gt;&lt;symbol id="icon-speedtest-computer" viewBox="0 0 39 39"&gt;&lt;path fill="#015" fill-rule="evenodd" d="M38.835 33.825 36 28.14V10.5C36 8.025 33.975 6 31.5 6h-24A4.513 4.513 0 0 0 3 10.5v17.64L.165 33.825C.06 34.035 0 34.26 0 34.5v3c0 .825.675 1.5 1.5 1.5h36c.825 0 1.5-.675 1.5-1.5v-3c0-.24-.06-.465-.165-.675M6 10.5C6 9.675 6.675 9 7.5 9h24c.825 0 1.5.675 1.5 1.5V27H6zM36 36H3v-1.14L5.43 30h28.14L36 34.86zM9 12h21v12H9z"&gt;&lt;/path&gt;&lt;/symbol&gt;&lt;view id="icon-speedtest-computer-view" viewBox="0 2094 39 39"&gt;&lt;/view&gt;&lt;symbol id="icon-speedtest-internet" viewBox="0 0 39 39"&gt;&lt;path fill="#015" fill-rule="evenodd" d="M19.5 0C8.745 0 0 8.745 0 19.5S8.745 39 19.5 39 39 30.255 39 19.5 30.255 0 19.5 0m0 36c-2.535 0-5.265-3.48-6.63-9h13.26c-1.365 5.52-4.095 9-6.63 9m-7.2-12a33 33 0 0 1-.3-4.5c0-1.59.12-3.09.3-4.5h14.385c.195 1.41.3 2.91.3 4.5s-.12 3.09-.3 4.5zM3 19.5c0-1.56.225-3.06.645-4.5h5.64A36 36 0 0 0 9 19.5c0 1.56.105 3.06.285 4.5h-5.64C3.225 22.56 3 21.06 3 19.5M19.5 3c2.535 0 5.265 3.48 6.63 9H12.87c1.365-5.52 4.095-9 6.63-9m10.215 12h5.64c.405 1.44.645 2.94.645 4.5s-.225 3.06-.645 4.5h-5.64c.18-1.44.285-2.94.285-4.5s-.105-3.06-.285-4.5m4.47-3H29.22c-.645-2.97-1.665-5.535-2.97-7.545A16.63 16.63 0 0 1 34.185 12M12.75 4.455C11.445 6.465 10.425 9.03 9.78 12H4.815c1.71-3.33 4.515-6 7.935-7.545M4.815 27H9.78c.645 2.97 1.665 5.535 2.97 7.545A16.63 16.63 0 0 1 4.815 27m21.435 7.545c1.29-1.995 2.325-4.575 2.97-7.545h4.965a16.63 16.63 0 0 1-7.935 7.545"&gt;&lt;/path&gt;&lt;/symbol&gt;&lt;view id="icon-speedtest-internet-view" viewBox="0 2133 39 39"&gt;&lt;/view&gt;&lt;symbol id="icon-speedtest" viewBox="0 0 26 19"&gt;&lt;g fill="none" fill-rule="evenodd" stroke-width="2" transform="translate(1 1)"&gt;&lt;path d="M22.91 17.004C23.61 15.48 24 13.786 24 12c0-6.627-5.373-12-12-12S0 5.373 0 12c0 1.787.39 3.482 1.09 5.006"&gt;&lt;/path&gt;&lt;circle cx="12" cy="12" r="2"&gt;&lt;/circle&gt;&lt;path d="M13.5 10.5 17 7"&gt;&lt;/path&gt;&lt;/g&gt;&lt;/symbol&gt;&lt;view id="icon-speedtest-view" viewBox="0 2172 26 19"&gt;&lt;/view&gt;&lt;symbol id="icon-storage_remote" viewBox="0 0 26 26"&gt;&lt;path fill-rule="evenodd" d="M22.75 23.761V12.147a.48.48 0 0 0-.164-.375L13 2.235l-9.585 9.526a.54.54 0 0 0-.164.386v11.614Zm1.454-13.548c.513.511.796 1.194.796 1.92v12.782A1.075 1.075 0 0 1 23.92 26H2.091C1.491 26 1 25.511 1 24.915V12.133c0-.726.284-1.399.797-1.92L11.456.618c.828-.824 2.26-.824 3.088 0l3.918 3.892V3.391c0-.598.522-1.125 1.125-1.125h2.126c.557.049 1.001.559 1.001 1.125v5.458Zm-12.183 1.261a3.09 3.09 0 0 1 2.836-1.865c1.27 0 2.361.767 2.838 1.865h1.493c.686 0 1.24.553 1.24 1.243 0 .689-.563 1.244-1.24 1.244h-1.493a3.09 3.09 0 0 1-2.838 1.865 3.09 3.09 0 0 1-2.836-1.865H6.814a1.24 1.24 0 0 1-1.242-1.244 1.25 1.25 0 0 1 1.242-1.243Zm1.597 1.243a1.24 1.24 0 1 0 2.478 0c0-.685-.555-1.243-1.239-1.243-.685 0-1.239.558-1.239 1.243m-5.312 5.539a3.09 3.09 0 0 1 2.838-1.864c1.268 0 2.36.766 2.837 1.864h5.207c.677 0 1.24.556 1.24 1.243 0 .692-.554 1.244-1.24 1.244h-5.207a3.1 3.1 0 0 1-2.837 1.867 3.1 3.1 0 0 1-2.838-1.867H6.814a1.25 1.25 0 0 1-1.242-1.244c0-.692.556-1.243 1.242-1.243Zm1.601 1.243c0 .686.555 1.244 1.237 1.244a1.24 1.24 0 0 0 1.237-1.244c0-.687-.552-1.243-1.237-1.243a1.24 1.24 0 0 0-1.237 1.243" alignment-baseline="initial"&gt;&lt;/path&gt;&lt;/symbol&gt;&lt;view id="icon-storage_remote-view" viewBox="0 2191 26 26"&gt;&lt;/view&gt;&lt;symbol id="icon-sun" viewBox="0 0 30 30"&gt;&lt;g&gt;&lt;path d="M15 10c-2.757 0-5 2.243-5 5s2.243 5 5 5 5-2.243 5-5-2.243-5-5-5m0 8c-1.654 0-3-1.346-3-3s1.346-3 3-3 3 1.346 3 3-1.346 3-3 3m0-10a1 1 0 0 0 1-1V3a1 1 0 0 0-2 0v4a1 1 0 0 0 1 1m0 14a1 1 0 0 0-1 1v4a1 1 0 1 0 2 0v-4a1 1 0 0 0-1-1m12-8h-4a1 1 0 1 0 0 2h4a1 1 0 1 0 0-2M8 15a1 1 0 0 0-1-1H3a1 1 0 0 0 0 2h4a1 1 0 0 0 1-1m12.657-4.657a1 1 0 0 0 .707-.293l2.828-2.828a1 1 0 1 0-1.414-1.414L19.95 8.636a1 1 0 0 0 .707 1.707M8.636 19.95l-2.828 2.828a1 1 0 1 0 1.414 1.414l2.828-2.828a1 1 0 1 0-1.414-1.414m12.728 0a1 1 0 1 0-1.414 1.414l2.828 2.828a.997.997 0 0 0 1.414 0 1 1 0 0 0 0-1.414zm-12.728-9.9a.997.997 0 0 0 1.414 0 1 1 0 0 0 0-1.414L7.222 5.808a1 1 0 1 0-1.414 1.414z" class="st2"&gt;&lt;/path&gt;&lt;/g&gt;&lt;/symbol&gt;&lt;view id="icon-sun-view" viewBox="0 2217 30 30"&gt;&lt;/view&gt;&lt;symbol id="icon-swisscom-logo-small" viewBox="0 0 30 40"&gt;&lt;defs&gt;&lt;radialGradient id="a" cx="11.237%" cy="22.446%" r="138.014%" gradientTransform="matrix(1 0 0 .63676 0 .082)"&gt;&lt;stop offset="0" stop-color="#42B4F3" stop-opacity=".98"&gt;&lt;/stop&gt;&lt;stop offset="1" stop-color="#003A80"&gt;&lt;/stop&gt;&lt;/radialGradient&gt;&lt;radialGradient id="b" cx="86.925%" cy="42.512%" r="83.75%" gradientTransform="matrix(1 0 0 .56393 0 .185)"&gt;&lt;stop offset="0" stop-color="#5BC0FF" stop-opacity=".98"&gt;&lt;/stop&gt;&lt;stop offset="1" stop-color="#003789"&gt;&lt;/stop&gt;&lt;/radialGradient&gt;&lt;radialGradient id="c" cx="71.176%" cy="27.917%" r="134.815%" gradientTransform="matrix(1 0 0 .45625 0 .152)"&gt;&lt;stop offset="0" stop-color="#5FC7FF"&gt;&lt;/stop&gt;&lt;stop offset="1" stop-color="#003785" stop-opacity=".98"&gt;&lt;/stop&gt;&lt;/radialGradient&gt;&lt;radialGradient id="d" cx="46.793%" cy="19.857%" r="113.677%" gradientTransform="matrix(1 0 0 .85342 0 .03)"&gt;&lt;stop offset="0" stop-color="#EC0A1C"&gt;&lt;/stop&gt;&lt;stop offset="1" stop-color="#BB0E15"&gt;&lt;/stop&gt;&lt;/radialGradient&gt;&lt;radialGradient id="e" cx="29.824%" cy="20.385%" r="162.326%" gradientTransform="matrix(1 0 0 .41726 0 .119)"&gt;&lt;stop offset="0" stop-color="#EC0A1C"&gt;&lt;/stop&gt;&lt;stop offset="1" stop-color="#9E0D18"&gt;&lt;/stop&gt;&lt;/radialGradient&gt;&lt;radialGradient id="g" cx="94.023%" cy="91.876%" r="201.584%" gradientTransform="matrix(1 0 0 .48133 0 .477)"&gt;&lt;stop offset="0" stop-color="#003789"&gt;&lt;/stop&gt;&lt;stop offset="1" stop-color="#5FC7FF" stop-opacity=".98"&gt;&lt;/stop&gt;&lt;/radialGradient&gt;&lt;linearGradient id="f" x1="91.082%" x2="31.124%" y1="100.996%" y2="-.026%"&gt;&lt;stop offset="0" stop-color="#320000"&gt;&lt;/stop&gt;&lt;stop offset="1" stop-color="#5D0000"&gt;&lt;/stop&gt;&lt;/linearGradient&gt;&lt;/defs&gt;&lt;g fill="none" fill-rule="evenodd"&gt;&lt;path d="M0 0h137v40H0z"&gt;&lt;/path&gt;&lt;path fill="url(#a)" d="M8.34 32.825c.362.327.739.638 1.131.918a17 17 0 0 0 1.995 1.198c.534.28 1.382.654 1.916.872-.11-.171-.188-.28-.298-.467a5.7 5.7 0 0 1-.754-.996 6.4 6.4 0 0 1-.55-1.245c-.11-.327-.235-.7-.345-1.105a11 11 0 0 1-.22-.903c-.016-.062-.063-.295-.079-.358a13 13 0 0 0-.204-.918 8 8 0 0 0-.236-.856 14 14 0 0 0-.502-1.276c-.22-.498-.456-.965-.723-1.385-.173-.28-.612-.872-.817-1.121-.157-.187-.282-.343-.424-.498a5 5 0 0 1-.345-.39c-.157-.17-.33-.342-.487-.497-.016-.016 0 0-.032.015-.33.42-.628.84-.88 1.292a6 6 0 0 0-.502 1.12 5 5 0 0 0-.172.67c-.048.233-.063.467-.079.7-.016.296 0 .592.047.903s.126.638.251.98c.142.39.33.779.566 1.183.031.047.063.11.094.156.424.747 1.005 1.4 1.65 2.008z"&gt;&lt;/path&gt;&lt;path fill="url(#b)" d="M13.382 39.891a26 26 0 0 0 2.278-.296 24 24 0 0 0 2.968-.731c.848-.265 1.68-.576 2.513-.934a25 25 0 0 0 2.152-1.074 17 17 0 0 0 2.529-1.759 13.2 13.2 0 0 0 2.325-2.537 10.4 10.4 0 0 0 1.492-3.253 9.5 9.5 0 0 0 .298-2.039 8 8 0 0 0-.235-2.303c-.252-.996-.692-1.961-1.288-2.895-.739-1.183-1.728-2.319-2.859-3.424-1.147-1.136-2.45-2.241-3.832-3.362-.849-.685-1.713-1.37-2.592-2.07-.676-.53-1.35-1.074-2.042-1.634-.754-.623-1.508-1.245-2.246-1.884a100 100 0 0 1-1.885-1.712c-.204-.186-.393-.389-.597-.575a35 35 0 0 1-1.885-2.04c.362.53.927 1.324 1.477 2.133.377.576.754 1.152 1.02 1.665.126.234.22.467.3.67.062.186.11.342.11.482z"&gt;&lt;/path&gt;&lt;path fill="url(#c)" d="M13.382 35.813s1.351-1.572 1.728-2.023a71 71 0 0 0 1.35-1.697c.52-.669 1.006-1.307 1.163-1.51.063-.093.911-1.291.99-1.4.408-.576.11-.171.345-.467.094-.14.141-.171.738-1.074.063-.093.173-.28.267-.42.047-.094.55-.887.597-.95.094-.155.189-.31.267-.451.236-.42.409-.747.597-1.09.424-.778.644-1.151 1.021-1.976.267-.576.565-1.245.754-1.743.141-.343.346-.887.44-1.183.078-.203.251-.747.361-1.09.188-.638.298-1.058.33-1.23.016-.062-.094-.466-.094-.466-.44-.374-1.053-.903-1.461-1.23-.157-.14-1.382-1.136-1.587-1.307-.785-.638-1.931-1.557-2.764-2.226-.864-.685-1.398-1.12-2.199-1.774-2.921-2.381-4.35-3.985-5.89-5.37.77 1.728 2.733 4.203 2.733 5.915V35.33c0 .016.11.172.314.483"&gt;&lt;/path&gt;&lt;path fill="url(#d)" d="M15.298 10.086c.142.124.252.218.582.482.14.109.486.405.612.514.251.202 1.162.934 1.257 1.027.031.031.094.078.172.14.519.42 1.87 1.494 2.278 1.821l.047.047c.314.249 1.885 1.51 2.67 2.163.723.607 1.351 1.183 1.414 1.23.157-.716.267-1.417.345-2.07.095-.919.11-1.79.032-2.584a10.4 10.4 0 0 0-.943-3.61 9.2 9.2 0 0 0-1.869-2.647 3 3 0 0 0-.235-.218 9.2 9.2 0 0 0-1.398-1.074 11 11 0 0 0-1.54-.809c-.958-.39-1.916-.623-2.78-.685-1.052-.078-2.026.094-2.654.436-.126.062-.236.109-.236.109v3.75c.032.032.299.266.299.281.471.436 1.036.95 1.32 1.199.235.155.423.326.627.498"&gt;&lt;/path&gt;&lt;path fill="url(#e)" d="M11.262 32.514c.047.17.11.358.173.529.094.264.188.513.282.778.173.39.362.778.613 1.12.188.265.408.499.675.685.11.078.236.14.377.203v-7.144s-.078-.016-.141-.031c-.063-.016-.157-.047-.157-.047V11.082c0-.42.298-.763.298-.763 0 .016 0 0 0 0 0-.124-.063-.342-.094-.436a9 9 0 0 0-.393-.871l-.094-.156c-.251-.405-.691-1.136-.958-1.525-.393-.592-.314-.467-.707-1.043a39 39 0 0 1-.565-.84c-.205-.312-.487-1.34-.629-1.681-.424.31-1.083.809-1.507 1.12-1.006.732-2.027 1.463-3 2.226A30 30 0 0 0 3.55 8.7c-.566.514-1.163 1.09-1.68 1.712-.975 1.152-1.744 2.49-1.854 3.985a6 6 0 0 0 0 .731c.015.265.047.514.11.763.188.95.612 1.774 1.162 2.49.613.81 1.382 1.526 2.167 2.21.142.11.268.234.409.343.927.794 1.869 1.572 2.749 2.412 1.272 1.214 2.434 2.568 3.25 4.234.676 1.572.896 3.284 1.399 4.934"&gt;&lt;/path&gt;&lt;path fill="#FFF" d="M13.382 10.304c-.99.124-1.649.684-2.042 1.571-.36.794-.55 1.681-1.083 2.397-1.1 1.495-3.959 1.152-4.398 3.207-.644 3.02 3.33 3.657 4.492 5.758.864 1.541.44 3.954 2.073 5.043.251.171.534.28.817.358.11.031.125.031.157.031-.016-.015-.016-18.365-.016-18.365"&gt;&lt;/path&gt;&lt;path fill="url(#f)" d="M13.382 28.67c-.047-.016-.094-.016-.157-.032a2.7 2.7 0 0 1-.817-.358c-1.633-1.09-1.209-3.502-2.073-5.043-.267-.482-.707-.902-1.178-1.276-.016-.015-.031-.031-.047-.031-.189.187-.471.482-.927.934-.518.513-.99 1.12-.99 1.12 1.022 1.043 1.917 2.21 2.592 3.596.801 1.743 1.006 3.657 1.618 5.478.22.67.503 1.339.911 1.9.267.357.581.668 1.052.855V28.67z"&gt;&lt;/path&gt;&lt;path fill="url(#g)" d="M11.466 6.46c.173.186.393.42.597.622.251.249.471.482.754.747.173.171.392.373.58.545V.125a2 2 0 0 0-.58-.032 5 5 0 0 0-1.461.296c-.408.156-.817.358-1.147.638a2.15 2.15 0 0 0-.754 1.214c-.11.53-.03 1.168.33 1.93.173.358.44.825.691 1.168.016.015.205.233.315.357.188.25.424.514.675.763z"&gt;&lt;/path&gt;&lt;/g&gt;&lt;/symbol&gt;&lt;view id="icon-swisscom-logo-small-view" viewBox="0 2247 30 40"&gt;&lt;/view&gt;&lt;symbol id="icon-swisscom-logo" viewBox="0 0 137 40"&gt;&lt;defs&gt;&lt;radialGradient id="a" cx="11.237%" cy="22.446%" r="138.014%" fx="11.237%" fy="22.446%" gradientTransform="matrix(1 0 0 .63676 0 .082)"&gt;&lt;stop offset="0%" stop-color="#42B4F3" stop-opacity=".98"&gt;&lt;/stop&gt;&lt;stop offset="100%" stop-color="#003A80"&gt;&lt;/stop&gt;&lt;/radialGradient&gt;&lt;radialGradient id="b" cx="86.925%" cy="42.512%" r="83.75%" fx="86.925%" fy="42.512%" gradientTransform="matrix(1 0 0 .56393 0 .185)"&gt;&lt;stop offset="0%" stop-color="#5BC0FF" stop-opacity=".98"&gt;&lt;/stop&gt;&lt;stop offset="100%" stop-color="#003789"&gt;&lt;/stop&gt;&lt;/radialGradient&gt;&lt;radialGradient id="c" cx="71.176%" cy="27.917%" r="134.815%" fx="71.176%" fy="27.917%" gradientTransform="matrix(1 0 0 .45625 0 .152)"&gt;&lt;stop offset="0%" stop-color="#5FC7FF"&gt;&lt;/stop&gt;&lt;stop offset="100%" stop-color="#003785" stop-opacity=".98"&gt;&lt;/stop&gt;&lt;/radialGradient&gt;&lt;radialGradient id="d" cx="46.793%" cy="19.857%" r="113.677%" fx="46.793%" fy="19.857%" gradientTransform="matrix(1 0 0 .85342 0 .03)"&gt;&lt;stop offset="0%" stop-color="#EC0A1C"&gt;&lt;/stop&gt;&lt;stop offset="100%" stop-color="#BB0E15"&gt;&lt;/stop&gt;&lt;/radialGradient&gt;&lt;radialGradient id="e" cx="29.824%" cy="20.385%" r="162.326%" fx="29.824%" fy="20.385%" gradientTransform="matrix(1 0 0 .41726 0 .119)"&gt;&lt;stop offset="0%" stop-color="#EC0A1C"&gt;&lt;/stop&gt;&lt;stop offset="100%" stop-color="#9E0D18"&gt;&lt;/stop&gt;&lt;/radialGradient&gt;&lt;radialGradient id="g" cx="94.023%" cy="91.876%" r="201.584%" fx="94.023%" fy="91.876%" gradientTransform="matrix(1 0 0 .48133 0 .477)"&gt;&lt;stop offset="0%" stop-color="#003789"&gt;&lt;/stop&gt;&lt;stop offset="100%" stop-color="#5FC7FF" stop-opacity=".98"&gt;&lt;/stop&gt;&lt;/radialGradient&gt;&lt;linearGradient id="f" x1="91.082%" x2="31.124%" y1="100.996%" y2="-.026%"&gt;&lt;stop offset="0%" stop-color="#320000"&gt;&lt;/stop&gt;&lt;stop offset="100%" stop-color="#5D0000"&gt;&lt;/stop&gt;&lt;/linearGradient&gt;&lt;/defs&gt;&lt;g fill="none" fill-rule="evenodd"&gt;&lt;path d="M0 0h137v40H0z"&gt;&lt;/path&gt;&lt;path fill="url(#a)" d="M8.34 32.825c.362.327.739.638 1.131.918a17 17 0 0 0 1.995 1.198c.534.28 1.382.654 1.916.872-.11-.171-.188-.28-.298-.467a5.7 5.7 0 0 1-.754-.996 6.4 6.4 0 0 1-.55-1.245c-.11-.327-.235-.7-.345-1.105a11 11 0 0 1-.22-.903c-.016-.062-.063-.295-.079-.358a13 13 0 0 0-.204-.918 8 8 0 0 0-.236-.856 14 14 0 0 0-.502-1.276c-.22-.498-.456-.965-.723-1.385-.173-.28-.612-.872-.817-1.121-.157-.187-.282-.343-.424-.498a5 5 0 0 1-.345-.39c-.157-.17-.33-.342-.487-.497-.016-.016 0 0-.032.015-.33.42-.628.84-.88 1.292a6 6 0 0 0-.502 1.12 5 5 0 0 0-.172.67c-.048.233-.063.467-.079.7-.016.296 0 .592.047.903s.126.638.251.98c.142.39.33.779.566 1.183.031.047.063.11.094.156.424.747 1.005 1.4 1.65 2.008z"&gt;&lt;/path&gt;&lt;path fill="url(#b)" d="M13.382 39.891a26 26 0 0 0 2.278-.296 24 24 0 0 0 2.968-.731c.848-.265 1.68-.576 2.513-.934a25 25 0 0 0 2.152-1.074 17 17 0 0 0 2.529-1.759 13.2 13.2 0 0 0 2.325-2.537 10.4 10.4 0 0 0 1.492-3.253 9.5 9.5 0 0 0 .298-2.039 8 8 0 0 0-.235-2.303c-.252-.996-.692-1.961-1.288-2.895-.739-1.183-1.728-2.319-2.859-3.424-1.147-1.136-2.45-2.241-3.832-3.362-.849-.685-1.713-1.37-2.592-2.07-.676-.53-1.35-1.074-2.042-1.634-.754-.623-1.508-1.245-2.246-1.884a100 100 0 0 1-1.885-1.712c-.204-.186-.393-.389-.597-.575a35 35 0 0 1-1.885-2.04c.362.53.927 1.324 1.477 2.133.377.576.754 1.152 1.02 1.665.126.234.22.467.3.67.062.186.11.342.11.482z"&gt;&lt;/path&gt;&lt;path fill="url(#c)" d="M13.382 35.813s1.351-1.572 1.728-2.023a71 71 0 0 0 1.35-1.697c.52-.669 1.006-1.307 1.163-1.51.063-.093.911-1.291.99-1.4.408-.576.11-.171.345-.467.094-.14.141-.171.738-1.074.063-.093.173-.28.267-.42.047-.094.55-.887.597-.95.094-.155.189-.31.267-.451.236-.42.409-.747.597-1.09.424-.778.644-1.151 1.021-1.976.267-.576.565-1.245.754-1.743.141-.343.346-.887.44-1.183.078-.203.251-.747.361-1.09.188-.638.298-1.058.33-1.23.016-.062-.094-.466-.094-.466-.44-.374-1.053-.903-1.461-1.23-.157-.14-1.382-1.136-1.587-1.307-.785-.638-1.931-1.557-2.764-2.226-.864-.685-1.398-1.12-2.199-1.774-2.921-2.381-4.35-3.985-5.89-5.37.77 1.728 2.733 4.203 2.733 5.915V35.33c0 .016.11.172.314.483"&gt;&lt;/path&gt;&lt;path fill="url(#d)" d="M15.298 10.086c.142.124.252.218.582.482.14.109.486.405.612.514.251.202 1.162.934 1.257 1.027.031.031.094.078.172.14.519.42 1.87 1.494 2.278 1.821l.047.047c.314.249 1.885 1.51 2.67 2.163.723.607 1.351 1.183 1.414 1.23.157-.716.267-1.417.345
[...]
;/span&gt;                     &lt;span style="display:inline;"&gt;secondes&lt;/span&gt;                 &lt;/div&gt;             &lt;/div&gt;             &lt;div class="message error login"&gt;                 &lt;svg class="icon" viewBox="0 0 26 26"&gt;                                      &lt;path fill-rule="evenodd" d="M13 0C5.83 0 0 5.83 0 13s5.83 13 13 13 13-5.83 13-13S20.17 0 13 0m0 24C6.93 24 2 19.07 2 13S6.93 2 13 2s11 4.93 11 11-4.93 11-11 11m2-5c0 1.1-.9 2-2 2s-2-.9-2-2 .9-2 2-2 2 .9 2 2M11 5h4v4l-1 6h-2l-1-6z"&gt;&lt;/path&gt;&lt;/svg&gt;                 &lt;span&gt;Le Login est erroné. Veuillez vérifier les données saisies.&lt;/span&gt;             &lt;/div&gt;             &lt;div class="message error login-device"&gt;                 &lt;svg class="icon" viewBox="0 0 26 26"&gt;                                      &lt;path fill-rule="evenodd" d="M13 0C5.83 0 0 5.83 0 13s5.83 13 13 13 13-5.83 13-13S20.17 0 13 0m0 24C6.93 24 2 19.07 2 13S6.93 2 13 2s11 4.93 11 11-4.93 11-11 11m2-5c0 1.1-.9 2-2 2s-2-.9-2-2 .9-2 2-2 2 .9 2 2M11 5h4v4l-1 6h-2l-1-6z"&gt;&lt;/path&gt;&lt;/svg&gt;                 &lt;span&gt;Pas de connexion possible à l’Internet-Box!&lt;/span&gt;             &lt;/div&gt;             &lt;div class="message warning both-fields-required"&gt;                 &lt;svg class="icon" viewBox="0 0 26 26"&gt;                                      &lt;path fill-rule="evenodd" d="M13 0C5.83 0 0 5.83 0 13s5.83 13 13 13 13-5.83 13-13S20.17 0 13 0m0 24C6.93 24 2 19.07 2 13S6.93 2 13 2s11 4.93 11 11-4.93 11-11 11m2-5c0 1.1-.9 2-2 2s-2-.9-2-2 .9-2 2-2 2 .9 2 2M11 5h4v4l-1 6h-2l-1-6z"&gt;&lt;/path&gt;&lt;/svg&gt;                 &lt;span&gt;Veuillez saisir un mot de passe!&lt;/span&gt;             &lt;/div&gt;         &lt;/div&gt;          &lt;div class="swc-checkbox display-password"&gt;             &lt;div class="icon"&gt;&lt;/div&gt;             &lt;div class="text"&gt;Afficher le mot de passe&lt;/div&gt;         &lt;/div&gt;     &lt;/div&gt;      &lt;div class="buttons"&gt;         &lt;div class="buttons-container"&gt;             &lt;a name="login-button" class="button primary big no-highlighting disabled"&gt;Login&lt;/a&gt;         &lt;/div&gt;          &lt;div class="recovery-buttons"&gt;                          &lt;div class="recover-pass-block disabled-for-superadmin"&gt;                 &lt;span class="text-label"&gt;Première connexion ou mot de passe oublié?&lt;/span&gt;             &lt;/div&gt;                           &lt;a name="restore-button" class="disabled-for-superadmin"&gt;Définir un nouveau mot de passe&lt;/a&gt;                      &lt;/div&gt;     &lt;/div&gt; &lt;/div&gt; &lt;/div&gt;&lt;/div&gt;&lt;/div&gt;     &lt;/div&gt;      &lt;div class="mobile-footer show-on-mobile"&gt;               &lt;div class="locale-chooser"&gt;                 &lt;div class="de"&gt;                     DE                 &lt;/div&gt;                 &lt;div class="fr"&gt;                     FR                 &lt;/div&gt;                 &lt;div class="it"&gt;                     IT                 &lt;/div&gt;                 &lt;div class="en"&gt;                     EN                 &lt;/div&gt;               &lt;/div&gt;               &lt;div class="panel-content"&gt;                 &lt;div class="text-block links"&gt;                     &lt;div class="text-link"&gt;                          &lt;a href="http://www.swisscom.ch/fr/clients-prives/precisions-juridiques.html" target="_blank"&gt;Aspects juridiques&lt;/a&gt;                     &lt;/div&gt;                     &lt;div class="text-link"&gt;                          &lt;a href="#opensource" target="_blank"&gt;Open Source&lt;/a&gt;                     &lt;/div&gt;                     &lt;div class="text-link"&gt;                          &lt;a href="http://www.swisscom.ch/fr/clients-prives/impressum.html" target="_blank"&gt;Impressum&lt;/a&gt;                     &lt;/div&gt;                     &lt;div class="text-link"&gt;                          &lt;a href="http://www.swisscom.ch/fr/clients-prives/aide/contact.html" target="_blank"&gt;&lt;span class="translation-string"&gt;Contact&lt;/span&gt;&lt;/a&gt;                     &lt;/div&gt;                 &lt;/div&gt;                 &lt;div class="text-block copyright"&gt;                     ©  &lt;span class="translation-string"&gt;Swisscom SA&lt;/span&gt; 2025                 &lt;/div&gt;             &lt;/div&gt;              &lt;div class="fw-info"&gt;15.10.22a/02432&lt;/div&gt;     &lt;/div&gt;      &lt;div class="bottom-panel hide-on-mobile"&gt;         &lt;div class="panel-content"&gt;             &lt;div class="text-block links"&gt;                 &lt;div class="text-link"&gt;                      &lt;a href="http://www.swisscom.ch/fr/clients-prives/precisions-juridiques.html" target="_blank"&gt;Aspects juridiques&lt;/a&gt;                 &lt;/div&gt;                 &lt;div class="text-link"&gt;                      &lt;a href="#opensource" target="_blank"&gt;Open Source&lt;/a&gt;                 &lt;/div&gt;                 &lt;div class="text-link"&gt;                      &lt;a href="http://www.swisscom.ch/fr/clients-prives/impressum.html" target="_blank"&gt;Impressum&lt;/a&gt;                 &lt;/div&gt;                 &lt;div class="text-link"&gt;                      &lt;a href="http://www.swisscom.ch/fr/clients-prives/aide/contact.html" target="_blank"&gt;Contact&lt;/a&gt;                 &lt;/div&gt;             &lt;/div&gt;             &lt;div class="text-block copyright"&gt;                 &lt;span&gt;© Swisscom SA 2025&lt;/span&gt;             &lt;/div&gt;         &lt;/div&gt;          &lt;div class="fw-info"&gt;15.10.22a/02432&lt;/div&gt;     &lt;/div&gt;&lt;/div&gt;&lt;/div&gt;
        &lt;div id="components"&gt;&lt;/div&gt;
        &lt;div id="eeTagsCanvas" style="display: none;" class="eeTags"&gt;
        &lt;/div&gt;

        &lt;script&gt;
            function getIEVersion() {
                var rv = 0; // Return value assumes failure.
                var ua = navigator.userAgent;
                var re = /MSIE (\d+(?:\.\d+)?)/;

                if (navigator.appName === 'Microsoft Internet Explorer') {
                    if (re.exec(ua) !== null) {
                        rv = parseFloat(RegExp.$1);
                    }
                }

                if(!(window.ActiveXObject) &amp;&amp; "ActiveXObject" in window) {
                    return 11;
                }

                return rv;
            }

            var browserVersion = getIEVersion();
            if(browserVersion &gt; 0 &amp;&amp; browserVersion &lt;= 8) {
                document.getElementsByTagName('body')[0].innerHTML = "Internet browser is not supported.&lt;/br&gt;Internet Browser ist nicht unterstützt.&lt;/br&gt;Le navigateur Internet n’est pas pris en charge.&lt;/br&gt;Browser internet non compatibile.";
            }

            fetch('assets/svg-sprite.svg?v=2432')
                .then(response =&gt; response.text())
                .then((data) =&gt; {
                    document.getElementById('svg-sprite').innerHTML = data;
                })
        &lt;/script&gt;
    
    
        &lt;!-- see http://support.microsoft.com/kb/222064 //--&gt;
        &lt;meta http-equiv="Expires" content="-1"&gt;
        &lt;meta http-equiv="Pragma" content="no-cache"&gt;
    

&lt;/body&gt;&lt;/html&gt;</msg>
<arg>${html}</arg>
<doc>Logs the given message with the given level.</doc>
<status status="PASS" start="2025-05-20T16:38:12.665744" elapsed="0.015844"/>
</kw>
<doc>Arguments : language (FR,EN)</doc>
<status status="PASS" start="2025-05-20T16:38:12.051788" elapsed="0.630074"/>
</kw>
<kw name="Check Language Correctly Selected" owner="CommonKeywords">
<kw name="Wait Until Element Is Visible" owner="SeleniumLibrary">
<arg>${selectedLanguage}</arg>
<arg>timeout=30s</arg>
<doc>Waits until the element ``locator`` is visible.</doc>
<status status="PASS" start="2025-05-20T16:38:12.686306" elapsed="0.026290"/>
</kw>
<kw name="Element Text Should Be" owner="SeleniumLibrary">
<msg time="2025-05-20T16:38:12.714530" level="INFO">Verifying element 'xpath://*[contains(@class, 'selected-option')]/span' contains exact text 'FR'.</msg>
<arg>${selectedLanguage}</arg>
<arg>${language}</arg>
<doc>Verifies that element ``locator`` contains exact the text ``expected``.</doc>
<status status="PASS" start="2025-05-20T16:38:12.713799" elapsed="0.023993"/>
</kw>
<arg>${language}</arg>
<status status="PASS" start="2025-05-20T16:38:12.682451" elapsed="0.055631"/>
</kw>
<kw name="Close Browser" owner="SeleniumLibrary" type="TEARDOWN">
<doc>Closes the current browser.</doc>
<status status="PASS" start="2025-05-20T16:38:12.738763" elapsed="1.619280"/>
</kw>
<doc>Checks if the language was correctly selected</doc>
<tag>Sanity</tag>
<status status="PASS" start="2025-05-20T16:38:03.346261" elapsed="11.012030"/>
</test>
<test id="s1-t2" name="Verify Authentication with Correct Password" line="20">
<kw name="Open Navigator" owner="CommonKeywords" type="SETUP">
<kw name="Open Firefox With Socks Proxy" owner="FirefoxWithProxy">
<msg time="2025-05-20T16:38:19.794703" level="INFO">${driver} = &lt;selenium.webdriver.firefox.webdriver.WebDriver (session="0a609a35-fb20-4491-bff2-9c4bae6f97ff")&gt;</msg>
<var>${driver}</var>
<arg>${HGW_URL}</arg>
<status status="PASS" start="2025-05-20T16:38:14.361149" elapsed="5.433667"/>
</kw>
<kw name="Title Should Be" owner="SeleniumLibrary">
<msg time="2025-05-20T16:38:19.804614" level="INFO">Page title is 'Internet-Box'.</msg>
<arg>${webui_title}</arg>
<doc>Verifies that the current page title equals ``title``.</doc>
<status status="PASS" start="2025-05-20T16:38:19.795226" elapsed="0.009608"/>
</kw>
<status status="PASS" start="2025-05-20T16:38:14.360398" elapsed="5.444670"/>
</kw>
<kw name="Auth Wait Login Page Loaded" owner="authKeywords">
<kw name="Wait Until Keyword Succeeds" owner="BuiltIn">
<kw name="Wait Until Element Is Visible" owner="SeleniumLibrary">
<msg time="2025-05-20T16:38:20.966199" level="INFO" html="true">&lt;/td&gt;&lt;/tr&gt;&lt;tr&gt;&lt;td colspan="3"&gt;&lt;a href="selenium-screenshot-78.png"&gt;&lt;img src="selenium-screenshot-78.png" width="800px"&gt;&lt;/a&gt;</msg>
<msg time="2025-05-20T16:38:20.966536" level="FAIL">Element 'name:login-password' not visible after 1 second.</msg>
<arg>${passwordTextBox}</arg>
<arg>timeout=1s</arg>
<doc>Waits until the element ``locator`` is visible.</doc>
<status status="FAIL" start="2025-05-20T16:38:19.807677" elapsed="1.159718">Element 'name:login-password' not visible after 1 second.</status>
</kw>
<kw name="Wait Until Element Is Visible" owner="SeleniumLibrary">
<arg>${passwordTextBox}</arg>
<arg>timeout=1s</arg>
<doc>Waits until the element ``locator`` is visible.</doc>
<status status="PASS" start="2025-05-20T16:38:22.968104" elapsed="0.031768"/>
</kw>
<arg>30s</arg>
<arg>2s</arg>
<arg>Wait Until Element Is Visible</arg>
<arg>${passwordTextBox}</arg>
<arg>timeout=1s</arg>
<doc>Runs the specified keyword and retries if it fails.</doc>
<status status="PASS" start="2025-05-20T16:38:19.806646" elapsed="3.193441"/>
</kw>
<status status="PASS" start="2025-05-20T16:38:19.805944" elapsed="3.194311"/>
</kw>
<kw name="Auth Enter Password" owner="authKeywords">
<kw name="Wait Until Element Is Visible" owner="SeleniumLibrary">
<arg>${passwordTextBox}</arg>
<arg>timeout=30s</arg>
<doc>Waits until the element ``locator`` is visible.</doc>
<status status="PASS" start="2025-05-20T16:38:23.001825" elapsed="0.019874"/>
</kw>
<kw name="Input Password" owner="SeleniumLibrary">
<msg time="2025-05-20T16:38:23.022412" level="INFO">Typing password into text field 'name:login-password'.</msg>
<msg time="2025-05-20T16:38:23.033638" level="INFO">Temporally setting log level to: NONE</msg>
<arg>${passwordTextBox}</arg>
<arg>${password}</arg>
<doc>Types the given password into the text field identified by ``locator``.</doc>
<status status="PASS" start="2025-05-20T16:38:23.022004" elapsed="0.072771"/>
</kw>
<arg>${webui_password}</arg>
<status status="PASS" start="2025-05-20T16:38:23.000981" elapsed="0.094078"/>
</kw>
<kw name="Auth Click Login Button" owner="authKeywords">
<kw name="Wait Until Element Is Visible" owner="SeleniumLibrary">
<arg>${loginButton}</arg>
<arg>timeout=30s</arg>
<doc>Waits until the element ``locator`` is visible.</doc>
<status status="PASS" start="2025-05-20T16:38:23.097651" elapsed="0.017629"/>
</kw>
<kw name="Click Element" owner="SeleniumLibrary">
<msg time="2025-05-20T16:38:23.115891" level="INFO">Clicking element 'xpath://*[@name="login-button"]'.</msg>
<arg>${loginButton}</arg>
<doc>Click the element identified by ``locator``.</doc>
<status status="PASS" start="2025-05-20T16:38:23.115554" elapsed="0.254389"/>
</kw>
<status status="PASS" start="2025-05-20T16:38:23.096759" elapsed="0.273340"/>
</kw>
<kw name="Auth Check Successful Login" owner="authKeywords">
<kw name="Wait Until Element Is Visible" owner="SeleniumLibrary">
<arg>${weakPasswordModal}</arg>
<arg>timeout=30s</arg>
<doc>Waits until the element ``locator`` is visible.</doc>
<status status="PASS" start="2025-05-20T16:38:23.371052" elapsed="2.094902"/>
</kw>
<kw name="Element Text Should Be" owner="SeleniumLibrary">
<msg time="2025-05-20T16:38:25.466634" level="INFO">Verifying element 'xpath://*[contains(@class, 'modalWindowInner')]/div/span' contains exact text 'Mot de passe portail web faible'.</msg>
<arg>${weakPasswordModal}</arg>
<arg>${homePage.password.modal.title.${language}}</arg>
<doc>Verifies that element ``locator`` contains exact the text ``expected``.</doc>
<status status="PASS" start="2025-05-20T16:38:25.466242" elapsed="0.017798"/>
</kw>
<arg>${language}</arg>
<doc>Check if the weak password model contains the correct message, Arguments : language (fr,en)</doc>
<status status="PASS" start="2025-05-20T16:38:23.370467" elapsed="2.113733"/>
</kw>
<kw name="Close Browser" owner="SeleniumLibrary" type="TEARDOWN">
<doc>Closes the current browser.</doc>
<status status="PASS" start="2025-05-20T16:38:25.484858" elapsed="1.396597"/>
</kw>
<doc>Checks if authentication works with valid password</doc>
<tag>Sanity</tag>
<status status="PASS" start="2025-05-20T16:38:14.358917" elapsed="12.522753"/>
</test>
<test id="s1-t3" name="Verify Authentication with Wrong Password" line="28">
<kw name="Open Navigator" owner="CommonKeywords" type="SETUP">
<kw name="Open Firefox With Socks Proxy" owner="FirefoxWithProxy">
<msg time="2025-05-20T16:38:33.439364" level="INFO">${driver} = &lt;selenium.webdriver.firefox.webdriver.WebDriver (session="118f9500-2eaa-4c07-b4dd-ceaf6d2ca214")&gt;</msg>
<var>${driver}</var>
<arg>${HGW_URL}</arg>
<status status="PASS" start="2025-05-20T16:38:26.883991" elapsed="6.555511"/>
</kw>
<kw name="Title Should Be" owner="SeleniumLibrary">
<msg time="2025-05-20T16:38:33.444106" level="INFO">Page title is 'Internet-Box'.</msg>
<arg>${webui_title}</arg>
<doc>Verifies that the current page title equals ``title``.</doc>
<status status="PASS" start="2025-05-20T16:38:33.439939" elapsed="0.004380"/>
</kw>
<status status="PASS" start="2025-05-20T16:38:26.883278" elapsed="6.561254"/>
</kw>
<kw name="Auth Wait Login Page Loaded" owner="authKeywords">
<kw name="Wait Until Keyword Succeeds" owner="BuiltIn">
<kw name="Wait Until Element Is Visible" owner="SeleniumLibrary">
<msg time="2025-05-20T16:38:34.656132" level="INFO" html="true">&lt;/td&gt;&lt;/tr&gt;&lt;tr&gt;&lt;td colspan="3"&gt;&lt;a href="selenium-screenshot-79.png"&gt;&lt;img src="selenium-screenshot-79.png" width="800px"&gt;&lt;/a&gt;</msg>
<msg time="2025-05-20T16:38:34.656459" level="FAIL">Element 'name:login-password' not visible after 1 second.</msg>
<arg>${passwordTextBox}</arg>
<arg>timeout=1s</arg>
<doc>Waits until the element ``locator`` is visible.</doc>
<status status="FAIL" start="2025-05-20T16:38:33.447368" elapsed="1.210147">Element 'name:login-password' not visible after 1 second.</status>
</kw>
<kw name="Wait Until Element Is Visible" owner="SeleniumLibrary">
<arg>${passwordTextBox}</arg>
<arg>timeout=1s</arg>
<doc>Waits until the element ``locator`` is visible.</doc>
<status status="PASS" start="2025-05-20T16:38:36.658217" elapsed="0.035023"/>
</kw>
<arg>30s</arg>
<arg>2s</arg>
<arg>Wait Until Element Is Visible</arg>
<arg>${passwordTextBox}</arg>
<arg>timeout=1s</arg>
<doc>Runs the specified keyword and retries if it fails.</doc>
<status status="PASS" start="2025-05-20T16:38:33.446774" elapsed="3.246639"/>
</kw>
<status status="PASS" start="2025-05-20T16:38:33.446102" elapsed="3.247430"/>
</kw>
<kw name="Auth Enter Password" owner="authKeywords">
<kw name="Wait Until Element Is Visible" owner="SeleniumLibrary">
<arg>${passwordTextBox}</arg>
<arg>timeout=30s</arg>
<doc>Waits until the element ``locator`` is visible.</doc>
<status status="PASS" start="2025-05-20T16:38:36.694406" elapsed="0.018008"/>
</kw>
<kw name="Input Password" owner="SeleniumLibrary">
<msg time="2025-05-20T16:38:36.713030" level="INFO">Typing password into text field 'name:login-password'.</msg>
<msg time="2025-05-20T16:38:36.726252" level="INFO">Temporally setting log level to: NONE</msg>
<arg>${passwordTextBox}</arg>
<arg>${password}</arg>
<doc>Types the given password into the text field identified by ``locator``.</doc>
<status status="PASS" start="2025-05-20T16:38:36.712685" elapsed="0.099839"/>
</kw>
<arg>${webui_wrong_password}</arg>
<status status="PASS" start="2025-05-20T16:38:36.693846" elapsed="0.118846"/>
</kw>
<kw name="Auth Click Login Button" owner="authKeywords">
<kw name="Wait Until Element Is Visible" owner="SeleniumLibrary">
<arg>${loginButton}</arg>
<arg>timeout=30s</arg>
<doc>Waits until the element ``locator`` is visible.</doc>
<status status="PASS" start="2025-05-20T16:38:36.813957" elapsed="0.028780"/>
</kw>
<kw name="Click Element" owner="SeleniumLibrary">
<msg time="2025-05-20T16:38:36.843631" level="INFO">Clicking element 'xpath://*[@name="login-button"]'.</msg>
<arg>${loginButton}</arg>
<doc>Click the element identified by ``locator``.</doc>
<status status="PASS" start="2025-05-20T16:38:36.843139" elapsed="0.246378"/>
</kw>
<status status="PASS" start="2025-05-20T16:38:36.813125" elapsed="0.276645"/>
</kw>
<kw name="Auth Check Login Failure" owner="authKeywords">
<kw name="Wait Until Element Is Visible" owner="SeleniumLibrary">
<arg>${loginFailureMsg}</arg>
<arg>timeout=10s</arg>
<doc>Waits until the element ``locator`` is visible.</doc>
<status status="PASS" start="2025-05-20T16:38:37.091245" elapsed="0.024625"/>
</kw>
<kw name="Element Text Should Be" owner="SeleniumLibrary">
<msg time="2025-05-20T16:38:37.116876" level="INFO">Verifying element 'xpath://*[contains(@class, 'info-messages')]/div[2]/span' contains exact text 'Le Login est erroné. Veuillez vérifier les données saisies.'.</msg>
<arg>${loginFailureMsg}</arg>
<arg>${homePage.login.password.failure.message.${language}}</arg>
<doc>Verifies that element ``locator`` contains exact the text ``expected``.</doc>
<status status="PASS" start="2025-05-20T16:38:37.116260" elapsed="0.031324"/>
</kw>
<arg>${language}</arg>
<doc>Check the displayed error message in case of a wrong password, Arguments : language (fr,en)</doc>
<status status="PASS" start="2025-05-20T16:38:37.090318" elapsed="0.057486"/>
</kw>
<kw name="Close Browser" owner="SeleniumLibrary" type="TEARDOWN">
<doc>Closes the current browser.</doc>
<status status="PASS" start="2025-05-20T16:38:37.148340" elapsed="1.757917"/>
</kw>
<doc>Checks if authentication does not work with a wrong password</doc>
<tag>Sanity</tag>
<status status="PASS" start="2025-05-20T16:38:26.882249" elapsed="12.024198"/>
</test>
<status status="PASS" start="2025-05-20T16:38:03.150218" elapsed="35.757192"/>
</suite>
<statistics>
<total>
<stat pass="3" fail="0" skip="0">All Tests</stat>
</total>
<tag>
<stat pass="3" fail="0" skip="0">Sanity</stat>
</tag>
<suite>
<stat name="Login Tests" id="s1" pass="3" fail="0" skip="0">Login Tests</stat>
</suite>
</statistics>
<errors>
</errors>
</robot>
