<?xml version="1.0" encoding="UTF-8"?>
<robot generator="Robot 7.2.2 (Python 3.11.11 on linux)" generated="2025-05-28T12:35:37.789020" rpa="false" schemaversion="5">
<suite id="s1" name="Tests" source="/home/ala/Documents/automation webui/internetbox 5 automation/tests">
<suite id="s1-s1" name="Login Tests" source="/home/ala/Documents/automation webui/internetbox 5 automation/tests/login_tests.robot">
<test id="s1-s1-t1" name="Verify Authentication with Correct Password" line="20">
<kw name="Open Navigator" owner="CommonKeywords" type="SETUP">
<kw name="Open Firefox With Socks Proxy" owner="FirefoxWithProxy">
<msg time="2025-05-28T12:35:42.919438" level="INFO">${driver} = &lt;selenium.webdriver.firefox.webdriver.WebDriver (session="281b733a-f143-48de-90a0-d17bf2351f05")&gt;</msg>
<var>${driver}</var>
<arg>${HGW_URL}</arg>
<status status="PASS" start="2025-05-28T12:35:38.016571" elapsed="4.902969"/>
</kw>
<kw name="Title Should Be" owner="SeleniumLibrary">
<msg time="2025-05-28T12:35:42.926741" level="INFO">Page title is 'Internet-Box'.</msg>
<arg>${webui_title}</arg>
<doc>Verifies that the current page title equals ``title``.</doc>
<status status="PASS" start="2025-05-28T12:35:42.919880" elapsed="0.007018"/>
</kw>
<status status="PASS" start="2025-05-28T12:35:38.014091" elapsed="4.913006"/>
</kw>
<kw name="Auth Wait Login Page Loaded" owner="authKeywords">
<kw name="Wait Until Keyword Succeeds" owner="BuiltIn">
<kw name="Wait Until Element Is Visible" owner="SeleniumLibrary">
<msg time="2025-05-28T12:35:44.064742" level="INFO" html="true">&lt;/td&gt;&lt;/tr&gt;&lt;tr&gt;&lt;td colspan="3"&gt;&lt;a href="selenium-screenshot-229.png"&gt;&lt;img src="selenium-screenshot-229.png" width="800px"&gt;&lt;/a&gt;</msg>
<msg time="2025-05-28T12:35:44.065094" level="FAIL">Element 'name:login-password' not visible after 1 second.</msg>
<arg>${passwordTextBox}</arg>
<arg>timeout=1s</arg>
<doc>Waits until the element ``locator`` is visible.</doc>
<status status="FAIL" start="2025-05-28T12:35:42.930119" elapsed="1.136936">Element 'name:login-password' not visible after 1 second.</status>
</kw>
<kw name="Wait Until Element Is Visible" owner="SeleniumLibrary">
<arg>${passwordTextBox}</arg>
<arg>timeout=1s</arg>
<doc>Waits until the element ``locator`` is visible.</doc>
<status status="PASS" start="2025-05-28T12:35:46.067951" elapsed="0.032558"/>
</kw>
<arg>30s</arg>
<arg>2s</arg>
<arg>Wait Until Element Is Visible</arg>
<arg>${passwordTextBox}</arg>
<arg>timeout=1s</arg>
<doc>Runs the specified keyword and retries if it fails.</doc>
<status status="PASS" start="2025-05-28T12:35:42.929074" elapsed="3.171604"/>
</kw>
<status status="PASS" start="2025-05-28T12:35:42.927630" elapsed="3.173195"/>
</kw>
<kw name="Auth Enter Password" owner="authKeywords">
<kw name="Wait Until Element Is Visible" owner="SeleniumLibrary">
<arg>${passwordTextBox}</arg>
<arg>timeout=30s</arg>
<doc>Waits until the element ``locator`` is visible.</doc>
<status status="PASS" start="2025-05-28T12:35:46.101978" elapsed="0.020121"/>
</kw>
<kw name="Input Password" owner="SeleniumLibrary">
<msg time="2025-05-28T12:35:46.123085" level="INFO">Typing password into text field 'name:login-password'.</msg>
<msg time="2025-05-28T12:35:46.134672" level="INFO">Temporally setting log level to: NONE</msg>
<arg>${passwordTextBox}</arg>
<arg>${password}</arg>
<doc>Types the given password into the text field identified by ``locator``.</doc>
<status status="PASS" start="2025-05-28T12:35:46.122555" elapsed="0.085661"/>
</kw>
<arg>${webui_strong_password}</arg>
<status status="PASS" start="2025-05-28T12:35:46.101319" elapsed="0.107163"/>
</kw>
<kw name="Auth Click Login Button" owner="authKeywords">
<kw name="Wait Until Element Is Visible" owner="SeleniumLibrary">
<arg>${loginButton}</arg>
<arg>timeout=30s</arg>
<doc>Waits until the element ``locator`` is visible.</doc>
<status status="PASS" start="2025-05-28T12:35:46.210065" elapsed="0.028172"/>
</kw>
<kw name="Click Element" owner="SeleniumLibrary">
<msg time="2025-05-28T12:35:46.238838" level="INFO">Clicking element 'xpath://*[@name="login-button"]'.</msg>
<arg>${loginButton}</arg>
<doc>Click the element identified by ``locator``.</doc>
<status status="PASS" start="2025-05-28T12:35:46.238532" elapsed="0.246301"/>
</kw>
<status status="PASS" start="2025-05-28T12:35:46.208998" elapsed="0.276076"/>
</kw>
<kw name="Auth Check Successful Login" owner="authKeywords">
<kw name="Run Keyword If" owner="BuiltIn">
<kw name="Wait Until Keyword Succeeds" owner="BuiltIn">
<kw name="Page Should Contain Element" owner="SeleniumLibrary">
<msg time="2025-05-28T12:35:46.657308" level="INFO" html="true">&lt;/td&gt;&lt;/tr&gt;&lt;tr&gt;&lt;td colspan="3"&gt;&lt;a href="selenium-screenshot-230.png"&gt;&lt;img src="selenium-screenshot-230.png" width="800px"&gt;&lt;/a&gt;</msg>
<msg time="2025-05-28T12:35:46.657706" level="FAIL">Page should have contained element 'xpath://*[@data-type='gateway']' but did not.</msg>
<arg>${overviewPageHGWElement}</arg>
<doc>Verifies that element ``locator`` is found on the current page.</doc>
<status status="FAIL" start="2025-05-28T12:35:46.488240" elapsed="0.171259">Page should have contained element 'xpath://*[@data-type='gateway']' but did not.</status>
</kw>
<kw name="Page Should Contain Element" owner="SeleniumLibrary">
<msg time="2025-05-28T12:35:48.667486" level="INFO">Current page contains element 'xpath://*[@data-type='gateway']'.</msg>
<arg>${overviewPageHGWElement}</arg>
<doc>Verifies that element ``locator`` is found on the current page.</doc>
<status status="PASS" start="2025-05-28T12:35:48.660244" elapsed="0.007384"/>
</kw>
<arg>30s</arg>
<arg>2s</arg>
<arg>Page Should Contain Element</arg>
<arg>${overviewPageHGWElement}</arg>
<doc>Runs the specified keyword and retries if it fails.</doc>
<status status="PASS" start="2025-05-28T12:35:46.487573" elapsed="2.180177"/>
</kw>
<arg>'${webui_weak_password}'=='True'</arg>
<arg>Run Keywords</arg>
<arg>Wait Until Element Is Visible</arg>
<arg>${weakPasswordModal}</arg>
<arg>timeout=30s</arg>
<arg>AND</arg>
<arg>Element Text Should Be</arg>
<arg>${weakPasswordModal}</arg>
<arg>${loginPage.password.modal.title.${language}}</arg>
<arg>ELSE</arg>
<arg>Wait Until Keyword Succeeds</arg>
<arg>30s</arg>
<arg>2s</arg>
<arg>Page Should Contain Element</arg>
<arg>${overviewPageHGWElement}</arg>
<doc>Runs the given keyword with the given arguments, if ``condition`` is true.</doc>
<status status="PASS" start="2025-05-28T12:35:46.486799" elapsed="2.181045"/>
</kw>
<arg>${language}</arg>
<doc>Check if the weak password model contains the correct message, Arguments : language (fr,en)</doc>
<status status="PASS" start="2025-05-28T12:35:46.485675" elapsed="2.182311"/>
</kw>
<kw name="Close Browser" owner="SeleniumLibrary" type="TEARDOWN">
<doc>Closes the current browser.</doc>
<status status="PASS" start="2025-05-28T12:35:48.668439" elapsed="1.176008"/>
</kw>
<doc>Checks if authentication works with valid password</doc>
<tag>Sanity</tag>
<tag>TC-1</tag>
<status status="PASS" start="2025-05-28T12:35:38.011962" elapsed="11.832670"/>
</test>
<test id="s1-s1-t2" name="Verify Authentication with Wrong Password" line="28">
<kw name="Open Navigator" owner="CommonKeywords" type="SETUP">
<kw name="Open Firefox With Socks Proxy" owner="FirefoxWithProxy">
<msg time="2025-05-28T12:35:54.939321" level="INFO">${driver} = &lt;selenium.webdriver.firefox.webdriver.WebDriver (session="19306eaf-5aa5-4480-ae61-eedc8bef3063")&gt;</msg>
<var>${driver}</var>
<arg>${HGW_URL}</arg>
<status status="PASS" start="2025-05-28T12:35:49.846796" elapsed="5.092871"/>
</kw>
<kw name="Title Should Be" owner="SeleniumLibrary">
<msg time="2025-05-28T12:35:54.943846" level="INFO">Page title is 'Internet-Box'.</msg>
<arg>${webui_title}</arg>
<doc>Verifies that the current page title equals ``title``.</doc>
<status status="PASS" start="2025-05-28T12:35:54.940100" elapsed="0.003963"/>
</kw>
<status status="PASS" start="2025-05-28T12:35:49.846376" elapsed="5.097918"/>
</kw>
<kw name="Auth Wait Login Page Loaded" owner="authKeywords">
<kw name="Wait Until Keyword Succeeds" owner="BuiltIn">
<kw name="Wait Until Element Is Visible" owner="SeleniumLibrary">
<msg time="2025-05-28T12:35:56.087441" level="INFO" html="true">&lt;/td&gt;&lt;/tr&gt;&lt;tr&gt;&lt;td colspan="3"&gt;&lt;a href="selenium-screenshot-231.png"&gt;&lt;img src="selenium-screenshot-231.png" width="800px"&gt;&lt;/a&gt;</msg>
<msg time="2025-05-28T12:35:56.087702" level="FAIL">Element 'name:login-password' not visible after 1 second.</msg>
<arg>${passwordTextBox}</arg>
<arg>timeout=1s</arg>
<doc>Waits until the element ``locator`` is visible.</doc>
<status status="FAIL" start="2025-05-28T12:35:54.946242" elapsed="1.142235">Element 'name:login-password' not visible after 1 second.</status>
</kw>
<kw name="Wait Until Element Is Visible" owner="SeleniumLibrary">
<arg>${passwordTextBox}</arg>
<arg>timeout=1s</arg>
<doc>Waits until the element ``locator`` is visible.</doc>
<status status="PASS" start="2025-05-28T12:35:58.089023" elapsed="0.029882"/>
</kw>
<arg>30s</arg>
<arg>2s</arg>
<arg>Wait Until Element Is Visible</arg>
<arg>${passwordTextBox}</arg>
<arg>timeout=1s</arg>
<doc>Runs the specified keyword and retries if it fails.</doc>
<status status="PASS" start="2025-05-28T12:35:54.945579" elapsed="3.173473"/>
</kw>
<status status="PASS" start="2025-05-28T12:35:54.944868" elapsed="3.174303"/>
</kw>
<kw name="Auth Enter Password" owner="authKeywords">
<kw name="Wait Until Element Is Visible" owner="SeleniumLibrary">
<arg>${passwordTextBox}</arg>
<arg>timeout=30s</arg>
<doc>Waits until the element ``locator`` is visible.</doc>
<status status="PASS" start="2025-05-28T12:35:58.120189" elapsed="0.022001"/>
</kw>
<kw name="Input Password" owner="SeleniumLibrary">
<msg time="2025-05-28T12:35:58.142878" level="INFO">Typing password into text field 'name:login-password'.</msg>
<msg time="2025-05-28T12:35:58.156690" level="INFO">Temporally setting log level to: NONE</msg>
<arg>${passwordTextBox}</arg>
<arg>${password}</arg>
<doc>Types the given password into the text field identified by ``locator``.</doc>
<status status="PASS" start="2025-05-28T12:35:58.142488" elapsed="0.096450"/>
</kw>
<arg>${webui_wrong_password}</arg>
<status status="PASS" start="2025-05-28T12:35:58.119493" elapsed="0.119723"/>
</kw>
<kw name="Auth Click Login Button" owner="authKeywords">
<kw name="Wait Until Element Is Visible" owner="SeleniumLibrary">
<arg>${loginButton}</arg>
<arg>timeout=30s</arg>
<doc>Waits until the element ``locator`` is visible.</doc>
<status status="PASS" start="2025-05-28T12:35:58.241462" elapsed="0.022033"/>
</kw>
<kw name="Click Element" owner="SeleniumLibrary">
<msg time="2025-05-28T12:35:58.264118" level="INFO">Clicking element 'xpath://*[@name="login-button"]'.</msg>
<arg>${loginButton}</arg>
<doc>Click the element identified by ``locator``.</doc>
<status status="PASS" start="2025-05-28T12:35:58.263780" elapsed="0.236902"/>
</kw>
<status status="PASS" start="2025-05-28T12:35:58.240837" elapsed="0.260129"/>
</kw>
<kw name="Auth Check Login Failure" owner="authKeywords">
<kw name="Wait Until Element Is Visible" owner="SeleniumLibrary">
<arg>${loginFailureMsg}</arg>
<arg>timeout=10s</arg>
<doc>Waits until the element ``locator`` is visible.</doc>
<status status="PASS" start="2025-05-28T12:35:58.502487" elapsed="0.021274"/>
</kw>
<kw name="Element Text Should Be" owner="SeleniumLibrary">
<msg time="2025-05-28T12:35:58.524797" level="INFO">Verifying element 'xpath://*[contains(@class, 'info-messages')]/div[2]/span' contains exact text 'Le Login est erroné. Veuillez vérifier les données saisies.'.</msg>
<arg>${loginFailureMsg}</arg>
<arg>${loginPage.login.password.failure.message.${language}}</arg>
<doc>Verifies that element ``locator`` contains exact the text ``expected``.</doc>
<status status="PASS" start="2025-05-28T12:35:58.524180" elapsed="0.021012"/>
</kw>
<arg>${language}</arg>
<doc>Check the displayed error message in case of a wrong password, Arguments : language (fr,en)</doc>
<status status="PASS" start="2025-05-28T12:35:58.501537" elapsed="0.043882"/>
</kw>
<kw name="Close Browser" owner="SeleniumLibrary" type="TEARDOWN">
<doc>Closes the current browser.</doc>
<status status="PASS" start="2025-05-28T12:35:58.545977" elapsed="1.231199"/>
</kw>
<doc>Checks if authentication does not work with a wrong password</doc>
<tag>Sanity</tag>
<tag>TC-2</tag>
<status status="PASS" start="2025-05-28T12:35:49.845219" elapsed="9.932231"/>
</test>
<status status="PASS" start="2025-05-28T12:35:37.822127" elapsed="21.956446"/>
</suite>
<status status="PASS" start="2025-05-28T12:35:37.790314" elapsed="21.989977"/>
</suite>
<statistics>
<total>
<stat pass="2" fail="0" skip="0">All Tests</stat>
</total>
<tag>
<stat pass="2" fail="0" skip="0">Sanity</stat>
<stat pass="1" fail="0" skip="0">TC-1</stat>
<stat pass="1" fail="0" skip="0">TC-2</stat>
</tag>
<suite>
<stat name="Tests" id="s1" pass="2" fail="0" skip="0">Tests</stat>
<stat name="Login Tests" id="s1-s1" pass="2" fail="0" skip="0">Tests.Login Tests</stat>
</suite>
</statistics>
<errors>
</errors>
</robot>
