<?xml version="1.0" encoding="UTF-8"?>
<robot generator="Robot 7.2.2 (Python 3.11.11 on linux)" generated="2025-05-29T12:01:27.386715" rpa="false" schemaversion="5">
<suite id="s1" name="Tests" source="/home/ala/Documents/automation webui/internetbox 5 automation/tests">
<suite id="s1-s1" name="Login Tests" source="/home/ala/Documents/automation webui/internetbox 5 automation/tests/login_tests.robot">
<test id="s1-s1-t1" name="Verify Authentication with Correct Password" line="20">
<kw name="Open Navigator" owner="CommonKeywords" type="SETUP">
<kw name="Open Firefox With Socks Proxy" owner="FirefoxWithProxy">
<var>${driver}</var>
<arg>${HGW_URL}</arg>
<status status="FAIL" start="2025-05-29T12:01:27.709632" elapsed="0.200369">Execution terminated by signal</status>
</kw>
<kw name="Title Should Be" owner="SeleniumLibrary">
<arg>${webui_title}</arg>
<doc>Verifies that the current page title equals ``title``.</doc>
<status status="NOT RUN" start="2025-05-29T12:01:27.910551" elapsed="0.000105"/>
</kw>
<status status="FAIL" start="2025-05-29T12:01:27.708654" elapsed="0.202403">Execution terminated by signal</status>
</kw>
<kw name="Close Browser" owner="SeleniumLibrary" type="TEARDOWN">
<doc>Closes the current browser.</doc>
<status status="PASS" start="2025-05-29T12:01:27.911832" elapsed="0.000322"/>
</kw>
<doc>Checks if authentication works with valid password</doc>
<tag>Sanity</tag>
<tag>TC-1</tag>
<status status="FAIL" start="2025-05-29T12:01:27.707261" elapsed="0.205080">Setup failed:
Execution terminated by signal</status>
</test>
<test id="s1-s1-t2" name="Verify Authentication with Wrong Password" line="28">
<doc>Checks if authentication does not work with a wrong password</doc>
<tag>robot:exit</tag>
<tag>Sanity</tag>
<tag>TC-2</tag>
<status status="FAIL" start="2025-05-29T12:01:27.913521" elapsed="0.000810">Test execution stopped due to a fatal error.</status>
</test>
<status status="FAIL" start="2025-05-29T12:01:27.466004" elapsed="0.449201"/>
</suite>
<status status="FAIL" start="2025-05-29T12:01:27.389097" elapsed="0.527083"/>
</suite>
<statistics>
<total>
<stat pass="0" fail="2" skip="0">All Tests</stat>
</total>
<tag>
<stat info="combined" combined="NOT robot:exit" pass="0" fail="1" skip="0">NOT robot:exit</stat>
<stat pass="0" fail="2" skip="0">Sanity</stat>
<stat pass="0" fail="1" skip="0">TC-1</stat>
<stat pass="0" fail="1" skip="0">TC-2</stat>
</tag>
<suite>
<stat name="Tests" id="s1" pass="0" fail="2" skip="0">Tests</stat>
<stat name="Login Tests" id="s1-s1" pass="0" fail="2" skip="0">Tests.Login Tests</stat>
</suite>
</statistics>
<errors>
</errors>
</robot>
